{"/home/travis/build/npmtest/node-npmtest-slick/test.js":{"path":"/home/travis/build/npmtest/node-npmtest-slick/test.js","s":{"1":2,"2":2,"3":2,"4":2,"5":2,"6":2,"7":2,"8":1,"9":2,"10":2,"11":1,"12":1,"13":1,"14":1,"15":2,"16":2,"17":2,"18":2,"19":1,"20":1,"21":2,"22":2,"23":2,"24":1,"25":1,"26":1,"27":1,"28":1,"29":1,"30":1,"31":1,"32":1,"33":1,"34":1,"35":1,"36":1,"37":1,"38":1,"39":2,"40":2,"41":1,"42":2,"43":2,"44":1,"45":2,"46":2,"47":1,"48":2,"49":2,"50":1,"51":1,"52":1,"53":1,"54":1},"b":{"1":[2,1,1,1],"2":[1,1,1,1],"3":[1,1],"4":[1,1],"5":[1,1],"6":[1,1],"7":[1,1],"8":[1,1],"9":[1,1],"10":[1,1,1],"11":[1,1],"12":[1,1],"13":[1,1],"14":[1,1],"15":[1,1],"16":[1,1],"17":[1,1]},"f":{"1":2,"2":2,"3":2,"4":2,"5":2,"6":1,"7":1,"8":1,"9":2,"10":2,"11":2,"12":2,"13":1},"fnMap":{"1":{"name":"(anonymous_1)","line":12,"loc":{"start":{"line":12,"column":1},"end":{"line":12,"column":13}}},"2":{"name":"(anonymous_2)","line":19,"loc":{"start":{"line":19,"column":5},"end":{"line":19,"column":17}}},"3":{"name":"(anonymous_3)","line":23,"loc":{"start":{"line":23,"column":24},"end":{"line":23,"column":36}}},"4":{"name":"(anonymous_4)","line":61,"loc":{"start":{"line":61,"column":5},"end":{"line":61,"column":17}}},"5":{"name":"(anonymous_5)","line":82,"loc":{"start":{"line":82,"column":5},"end":{"line":82,"column":17}}},"6":{"name":"(anonymous_6)","line":91,"loc":{"start":{"line":91,"column":77},"end":{"line":94,"column":10}}},"7":{"name":"(anonymous_7)","line":112,"loc":{"start":{"line":112,"column":83},"end":{"line":115,"column":10}},"skip":true},"8":{"name":"(anonymous_8)","line":123,"loc":{"start":{"line":123,"column":77},"end":{"line":126,"column":10}},"skip":true},"9":{"name":"(anonymous_9)","line":139,"loc":{"start":{"line":139,"column":12},"end":{"line":139,"column":40}},"skip":true},"10":{"name":"(anonymous_10)","line":147,"loc":{"start":{"line":147,"column":77},"end":{"line":150,"column":10}},"skip":true},"11":{"name":"(anonymous_11)","line":158,"loc":{"start":{"line":158,"column":83},"end":{"line":161,"column":10}},"skip":true},"12":{"name":"(anonymous_12)","line":169,"loc":{"start":{"line":169,"column":79},"end":{"line":172,"column":10}},"skip":true},"13":{"name":"(anonymous_13)","line":180,"loc":{"start":{"line":180,"column":75},"end":{"line":183,"column":10}},"skip":true}},"statementMap":{"1":{"start":{"line":12,"column":0},"end":{"line":195,"column":5}},"2":{"start":{"line":14,"column":4},"end":{"line":14,"column":14}},"3":{"start":{"line":19,"column":4},"end":{"line":56,"column":9}},"4":{"start":{"line":21,"column":8},"end":{"line":21,"column":19}},"5":{"start":{"line":23,"column":8},"end":{"line":35,"column":13}},"6":{"start":{"line":24,"column":12},"end":{"line":34,"column":13}},"7":{"start":{"line":25,"column":16},"end":{"line":28,"column":30}},"8":{"start":{"line":30,"column":16},"end":{"line":33,"column":27}},"9":{"start":{"line":37,"column":8},"end":{"line":39,"column":21}},"10":{"start":{"line":40,"column":8},"end":{"line":53,"column":9}},"11":{"start":{"line":43,"column":12},"end":{"line":46,"column":14}},"12":{"start":{"line":47,"column":12},"end":{"line":47,"column":18}},"13":{"start":{"line":50,"column":12},"end":{"line":51,"column":33}},"14":{"start":{"line":52,"column":12},"end":{"line":52,"column":18}},"15":{"start":{"line":55,"column":8},"end":{"line":55,"column":35}},"16":{"start":{"line":61,"column":4},"end":{"line":63,"column":9}},"17":{"start":{"line":62,"column":8},"end":{"line":62,"column":15}},"18":{"start":{"line":64,"column":4},"end":{"line":77,"column":5}},"19":{"start":{"line":70,"column":8},"end":{"line":70,"column":14}},"20":{"start":{"line":76,"column":8},"end":{"line":76,"column":14}},"21":{"start":{"line":82,"column":4},"end":{"line":84,"column":9}},"22":{"start":{"line":83,"column":8},"end":{"line":83,"column":15}},"23":{"start":{"line":85,"column":4},"end":{"line":194,"column":5}},"24":{"start":{"line":91,"column":8},"end":{"line":99,"column":10}},"25":{"start":{"line":98,"column":12},"end":{"line":98,"column":35}},"26":{"start":{"line":102,"column":8},"end":{"line":104,"column":63}},"27":{"start":{"line":105,"column":8},"end":{"line":105,"column":14}},"28":{"start":{"line":112,"column":8},"end":{"line":121,"column":10},"skip":true},"29":{"start":{"line":119,"column":12},"end":{"line":119,"column":55},"skip":true},"30":{"start":{"line":120,"column":12},"end":{"line":120,"column":48},"skip":true},"31":{"start":{"line":123,"column":8},"end":{"line":136,"column":10},"skip":true},"32":{"start":{"line":130,"column":12},"end":{"line":130,"column":76},"skip":true},"33":{"start":{"line":131,"column":12},"end":{"line":131,"column":73},"skip":true},"34":{"start":{"line":132,"column":12},"end":{"line":132,"column":74},"skip":true},"35":{"start":{"line":133,"column":12},"end":{"line":133,"column":79},"skip":true},"36":{"start":{"line":134,"column":12},"end":{"line":134,"column":25},"skip":true},"37":{"start":{"line":135,"column":12},"end":{"line":135,"column":45},"skip":true},"38":{"start":{"line":138,"column":8},"end":{"line":145,"column":14},"skip":true},"39":{"start":{"line":143,"column":16},"end":{"line":143,"column":29},"skip":true},"40":{"start":{"line":144,"column":16},"end":{"line":144,"column":55},"skip":true},"41":{"start":{"line":147,"column":8},"end":{"line":156,"column":10},"skip":true},"42":{"start":{"line":154,"column":12},"end":{"line":154,"column":25},"skip":true},"43":{"start":{"line":155,"column":12},"end":{"line":155,"column":45},"skip":true},"44":{"start":{"line":158,"column":8},"end":{"line":167,"column":10},"skip":true},"45":{"start":{"line":165,"column":12},"end":{"line":165,"column":25},"skip":true},"46":{"start":{"line":166,"column":12},"end":{"line":166,"column":48},"skip":true},"47":{"start":{"line":169,"column":8},"end":{"line":178,"column":10},"skip":true},"48":{"start":{"line":176,"column":12},"end":{"line":176,"column":25},"skip":true},"49":{"start":{"line":177,"column":12},"end":{"line":177,"column":46},"skip":true},"50":{"start":{"line":180,"column":8},"end":{"line":189,"column":10},"skip":true},"51":{"start":{"line":187,"column":12},"end":{"line":187,"column":94},"skip":true},"52":{"start":{"line":188,"column":12},"end":{"line":188,"column":48},"skip":true},"53":{"start":{"line":192,"column":8},"end":{"line":192,"column":35},"skip":true},"54":{"start":{"line":193,"column":8},"end":{"line":193,"column":14},"skip":true}},"branchMap":{"1":{"line":25,"type":"binary-expr","locations":[{"start":{"line":25,"column":23},"end":{"line":25,"column":62}},{"start":{"line":26,"column":20},"end":{"line":26,"column":70}},{"start":{"line":27,"column":20},"end":{"line":27,"column":71}},{"start":{"line":28,"column":20},"end":{"line":28,"column":29}}]},"2":{"line":30,"type":"binary-expr","locations":[{"start":{"line":30,"column":23},"end":{"line":30,"column":37}},{"start":{"line":31,"column":20},"end":{"line":31,"column":61}},{"start":{"line":32,"column":20},"end":{"line":32,"column":70}},{"start":{"line":33,"column":20},"end":{"line":33,"column":26}}]},"3":{"line":37,"type":"cond-expr","locations":[{"start":{"line":38,"column":14},"end":{"line":38,"column":20}},{"start":{"line":39,"column":14},"end":{"line":39,"column":20}}]},"4":{"line":40,"type":"switch","locations":[{"start":{"line":42,"column":8},"end":{"line":47,"column":18}},{"start":{"line":49,"column":8},"end":{"line":52,"column":18}}]},"5":{"line":44,"type":"binary-expr","locations":[{"start":{"line":44,"column":16},"end":{"line":44,"column":44}},{"start":{"line":44,"column":48},"end":{"line":44,"column":66}}]},"6":{"line":50,"type":"binary-expr","locations":[{"start":{"line":50,"column":21},"end":{"line":50,"column":49}},{"start":{"line":50,"column":53},"end":{"line":50,"column":72}}]},"7":{"line":64,"type":"switch","locations":[{"start":{"line":69,"column":4},"end":{"line":70,"column":14}},{"start":{"line":75,"column":4},"end":{"line":76,"column":14}}]},"8":{"line":85,"type":"switch","locations":[{"start":{"line":90,"column":4},"end":{"line":105,"column":14}},{"start":{"line":111,"column":4},"end":{"line":193,"column":14},"skip":true}]},"9":{"line":91,"type":"binary-expr","locations":[{"start":{"line":91,"column":42},"end":{"line":91,"column":73}},{"start":{"line":91,"column":77},"end":{"line":99,"column":9}}]},"10":{"line":102,"type":"binary-expr","locations":[{"start":{"line":102,"column":18},"end":{"line":102,"column":32}},{"start":{"line":103,"column":12},"end":{"line":103,"column":53}},{"start":{"line":104,"column":12},"end":{"line":104,"column":61}}]},"11":{"line":112,"type":"binary-expr","locations":[{"start":{"line":112,"column":45},"end":{"line":112,"column":79},"skip":true},{"start":{"line":112,"column":83},"end":{"line":121,"column":9},"skip":true}]},"12":{"line":123,"type":"binary-expr","locations":[{"start":{"line":123,"column":42},"end":{"line":123,"column":73},"skip":true},{"start":{"line":123,"column":77},"end":{"line":136,"column":9},"skip":true}]},"13":{"line":138,"type":"binary-expr","locations":[{"start":{"line":138,"column":48},"end":{"line":138,"column":85},"skip":true},{"start":{"line":139,"column":12},"end":{"line":145,"column":13},"skip":true}]},"14":{"line":147,"type":"binary-expr","locations":[{"start":{"line":147,"column":42},"end":{"line":147,"column":73},"skip":true},{"start":{"line":147,"column":77},"end":{"line":156,"column":9},"skip":true}]},"15":{"line":158,"type":"binary-expr","locations":[{"start":{"line":158,"column":45},"end":{"line":158,"column":79},"skip":true},{"start":{"line":158,"column":83},"end":{"line":167,"column":9},"skip":true}]},"16":{"line":169,"type":"binary-expr","locations":[{"start":{"line":169,"column":43},"end":{"line":169,"column":75},"skip":true},{"start":{"line":169,"column":79},"end":{"line":178,"column":9},"skip":true}]},"17":{"line":180,"type":"binary-expr","locations":[{"start":{"line":180,"column":41},"end":{"line":180,"column":71},"skip":true},{"start":{"line":180,"column":75},"end":{"line":189,"column":9},"skip":true}]}},"code":["/* istanbul instrument in package npmtest_slick */","/*jslint","    bitwise: true,","    browser: true,","    maxerr: 8,","    maxlen: 96,","    node: true,","    nomen: true,","    regexp: true,","    stupid: true","*/","(function () {","    'use strict';","    var local;","","","","    // run shared js-env code - pre-init","    (function () {","        // init local","        local = {};","        // init modeJs","        local.modeJs = (function () {","            try {","                return typeof navigator.userAgent === 'string' &&","                    typeof document.querySelector('body') === 'object' &&","                    typeof XMLHttpRequest.prototype.open === 'function' &&","                    'browser';","            } catch (errorCaughtBrowser) {","                return module.exports &&","                    typeof process.versions.node === 'string' &&","                    typeof require('http').createServer === 'function' &&","                    'node';","            }","        }());","        // init global","        local.global = local.modeJs === 'browser'","            ? window","            : global;","        switch (local.modeJs) {","        // re-init local from window.local","        case 'browser':","            local = local.global.utility2.objectSetDefault(","                local.global.utility2_rollup || local.global.local,","                local.global.utility2","            );","            break;","        // re-init local from example.js","        case 'node':","            local = (local.global.utility2_rollup || require('utility2'))","                .requireReadme();","            break;","        }","        // export local","        local.global.local = local;","    }());","","","","    // run shared js-env code - function","    (function () {","        return;","    }());","    switch (local.modeJs) {","","","","    // run browser js-env code - function","    case 'browser':","        break;","","","","    // run node js-env code - function","    case 'node':","        break;","    }","","","","    // run shared js-env code - post-init","    (function () {","        return;","    }());","    switch (local.modeJs) {","","","","    // run browser js-env code - post-init","    case 'browser':","        local.testCase_browser_nullCase = local.testCase_browser_nullCase || function (","            options,","            onError","        ) {","        /*","         * this function will test browsers's null-case handling-behavior-behavior","         */","            onError(null, options);","        };","","        // run tests","        local.nop(local.modeTest &&","            document.querySelector('#testRunButton1') &&","            document.querySelector('#testRunButton1').click());","        break;","","","","    // run node js-env code - post-init","    /* istanbul ignore next */","    case 'node':","        local.testCase_buildApidoc_default = local.testCase_buildApidoc_default || function (","            options,","            onError","        ) {","        /*","         * this function will test buildApidoc's default handling-behavior-behavior","         */","            options = { modulePathList: module.paths };","            local.buildApidoc(options, onError);","        };","","        local.testCase_buildApp_default = local.testCase_buildApp_default || function (","            options,","            onError","        ) {","        /*","         * this function will test buildApp's default handling-behavior-behavior","         */","            local.testCase_buildReadme_default(options, local.onErrorThrow);","            local.testCase_buildLib_default(options, local.onErrorThrow);","            local.testCase_buildTest_default(options, local.onErrorThrow);","            local.testCase_buildCustomOrg_default(options, local.onErrorThrow);","            options = [];","            local.buildApp(options, onError);","        };","","        local.testCase_buildCustomOrg_default = local.testCase_buildCustomOrg_default ||","            function (options, onError) {","            /*","             * this function will test buildCustomOrg's default handling-behavior","             */","                options = {};","                local.buildCustomOrg(options, onError);","            };","","        local.testCase_buildLib_default = local.testCase_buildLib_default || function (","            options,","            onError","        ) {","        /*","         * this function will test buildLib's default handling-behavior","         */","            options = {};","            local.buildLib(options, onError);","        };","","        local.testCase_buildReadme_default = local.testCase_buildReadme_default || function (","            options,","            onError","        ) {","        /*","         * this function will test buildReadme's default handling-behavior-behavior","         */","            options = {};","            local.buildReadme(options, onError);","        };","","        local.testCase_buildTest_default = local.testCase_buildTest_default || function (","            options,","            onError","        ) {","        /*","         * this function will test buildTest's default handling-behavior","         */","            options = {};","            local.buildTest(options, onError);","        };","","        local.testCase_webpage_default = local.testCase_webpage_default || function (","            options,","            onError","        ) {","        /*","         * this function will test webpage's default handling-behavior","         */","            options = { modeCoverageMerge: true, url: local.serverLocalHost + '?modeTest=1' };","            local.browserTest(options, onError);","        };","","        // run test-server","        local.testRunServer(local);","        break;","    }","}());",""],"l":{"12":2,"14":2,"19":2,"21":2,"23":2,"24":2,"25":2,"30":1,"37":2,"40":2,"43":1,"47":1,"50":1,"52":1,"55":2,"61":2,"62":2,"64":2,"70":1,"76":1,"82":2,"83":2,"85":2,"91":1,"98":1,"102":1,"105":1,"112":1,"119":1,"120":1,"123":1,"130":1,"131":1,"132":1,"133":1,"134":1,"135":1,"138":1,"143":2,"144":2,"147":1,"154":2,"155":2,"158":1,"165":2,"166":2,"169":1,"176":2,"177":2,"180":1,"187":1,"188":1,"192":1,"193":1}},"/home/travis/build/npmtest/node-npmtest-slick/lib.npmtest_slick.js":{"path":"/home/travis/build/npmtest/node-npmtest-slick/lib.npmtest_slick.js","s":{"1":2,"2":2,"3":2,"4":2,"5":2,"6":2,"7":2,"8":1,"9":2,"10":2,"11":2,"12":2,"13":1,"14":1,"15":1,"16":1},"b":{"1":[2,1,1,1],"2":[1,1,1,1],"3":[1,1],"4":[2,2],"5":[1,1]},"f":{"1":2,"2":2,"3":2},"fnMap":{"1":{"name":"(anonymous_1)","line":12,"loc":{"start":{"line":12,"column":1},"end":{"line":12,"column":13}}},"2":{"name":"(anonymous_2)","line":19,"loc":{"start":{"line":19,"column":5},"end":{"line":19,"column":17}}},"3":{"name":"(anonymous_3)","line":23,"loc":{"start":{"line":23,"column":24},"end":{"line":23,"column":36}}}},"statementMap":{"1":{"start":{"line":12,"column":0},"end":{"line":53,"column":5}},"2":{"start":{"line":14,"column":4},"end":{"line":14,"column":14}},"3":{"start":{"line":19,"column":4},"end":{"line":52,"column":9}},"4":{"start":{"line":21,"column":8},"end":{"line":21,"column":19}},"5":{"start":{"line":23,"column":8},"end":{"line":35,"column":13}},"6":{"start":{"line":24,"column":12},"end":{"line":34,"column":13}},"7":{"start":{"line":25,"column":16},"end":{"line":28,"column":30}},"8":{"start":{"line":30,"column":16},"end":{"line":33,"column":27}},"9":{"start":{"line":37,"column":8},"end":{"line":39,"column":21}},"10":{"start":{"line":41,"column":8},"end":{"line":41,"column":54}},"11":{"start":{"line":43,"column":8},"end":{"line":43,"column":50}},"12":{"start":{"line":45,"column":8},"end":{"line":51,"column":9}},"13":{"start":{"line":46,"column":12},"end":{"line":46,"column":56}},"14":{"start":{"line":48,"column":12},"end":{"line":48,"column":35}},"15":{"start":{"line":49,"column":12},"end":{"line":49,"column":49}},"16":{"start":{"line":50,"column":12},"end":{"line":50,"column":43}}},"branchMap":{"1":{"line":25,"type":"binary-expr","locations":[{"start":{"line":25,"column":23},"end":{"line":25,"column":62}},{"start":{"line":26,"column":20},"end":{"line":26,"column":70}},{"start":{"line":27,"column":20},"end":{"line":27,"column":71}},{"start":{"line":28,"column":20},"end":{"line":28,"column":29}}]},"2":{"line":30,"type":"binary-expr","locations":[{"start":{"line":30,"column":23},"end":{"line":30,"column":37}},{"start":{"line":31,"column":20},"end":{"line":31,"column":61}},{"start":{"line":32,"column":20},"end":{"line":32,"column":70}},{"start":{"line":33,"column":20},"end":{"line":33,"column":26}}]},"3":{"line":37,"type":"cond-expr","locations":[{"start":{"line":38,"column":14},"end":{"line":38,"column":20}},{"start":{"line":39,"column":14},"end":{"line":39,"column":20}}]},"4":{"line":41,"type":"binary-expr","locations":[{"start":{"line":41,"column":16},"end":{"line":41,"column":44}},{"start":{"line":41,"column":48},"end":{"line":41,"column":53}}]},"5":{"line":45,"type":"if","locations":[{"start":{"line":45,"column":8},"end":{"line":45,"column":8}},{"start":{"line":45,"column":8},"end":{"line":45,"column":8}}]}},"code":["/* istanbul instrument in package npmtest_slick */","/*jslint","    bitwise: true,","    browser: true,","    maxerr: 8,","    maxlen: 96,","    node: true,","    nomen: true,","    regexp: true,","    stupid: true","*/","(function () {","    'use strict';","    var local;","","","","    // run shared js-env code - pre-init","    (function () {","        // init local","        local = {};","        // init modeJs","        local.modeJs = (function () {","            try {","                return typeof navigator.userAgent === 'string' &&","                    typeof document.querySelector('body') === 'object' &&","                    typeof XMLHttpRequest.prototype.open === 'function' &&","                    'browser';","            } catch (errorCaughtBrowser) {","                return module.exports &&","                    typeof process.versions.node === 'string' &&","                    typeof require('http').createServer === 'function' &&","                    'node';","            }","        }());","        // init global","        local.global = local.modeJs === 'browser'","            ? window","            : global;","        // init utility2_rollup","        local = local.global.utility2_rollup || local;","        // init lib","        local.local = local.npmtest_slick = local;","        // init exports","        if (local.modeJs === 'browser') {","            local.global.utility2_npmtest_slick = local;","        } else {","            module.exports = local;","            module.exports.__dirname = __dirname;","            module.exports.module = module;","        }","    }());","}());",""],"l":{"12":2,"14":2,"19":2,"21":2,"23":2,"24":2,"25":2,"30":1,"37":2,"41":2,"43":2,"45":2,"46":1,"48":1,"49":1,"50":1}},"/home/travis/build/npmtest/node-npmtest-slick/example.js":{"path":"/home/travis/build/npmtest/node-npmtest-slick/example.js","s":{"1":2,"2":2,"3":2,"4":2,"5":2,"6":2,"7":2,"8":1,"9":2,"10":2,"11":2,"12":2,"13":1,"14":2,"15":2,"16":2,"17":2,"18":2,"19":0,"20":2,"21":1,"22":1,"23":1,"24":1,"25":1,"26":0,"27":0,"28":1,"29":1,"30":2,"31":0,"32":0,"33":0,"34":1,"35":2,"36":2,"37":3,"38":3,"39":3,"40":3,"41":0,"42":3,"43":3,"44":3,"45":1,"46":3,"47":1,"48":1,"49":1,"50":1,"51":1,"52":1,"53":1,"54":1,"55":1,"56":1,"57":0,"58":1,"59":6,"60":6,"61":1,"62":2,"63":0,"64":2,"65":1,"66":1,"67":0,"68":0,"69":0,"70":0,"71":0,"72":0,"73":0,"74":0,"75":0,"76":0,"77":0,"78":0,"79":0,"80":0,"81":0,"82":0,"83":0},"b":{"1":[2,1,1,1],"2":[1,1,1,1],"3":[1,1],"4":[2,2],"5":[1,1],"6":[1,1],"7":[2,0],"8":[2,1,1,1,1,1],"9":[0,2,0],"10":[1,1],"11":[2,1,1],"12":[1,0],"13":[0,2],"14":[2,0,0,0,0,0,0],"15":[0,3],"16":[3,0],"17":[1,1],"18":[0,1],"19":[1,2,0,2],"20":[1,0],"21":[1,1],"22":[0,0],"23":[0,0],"24":[0,0],"25":[0,0],"26":[0,0],"27":[0,0],"28":[0,0]},"f":{"1":2,"2":2,"3":2,"4":2,"5":2,"6":2,"7":3,"8":3,"9":3,"10":1,"11":6,"12":0},"fnMap":{"1":{"name":"(anonymous_1)","line":26,"loc":{"start":{"line":26,"column":1},"end":{"line":26,"column":13}}},"2":{"name":"(anonymous_2)","line":33,"loc":{"start":{"line":33,"column":5},"end":{"line":33,"column":17}}},"3":{"name":"(anonymous_3)","line":37,"loc":{"start":{"line":37,"column":24},"end":{"line":37,"column":36}}},"4":{"name":"(anonymous_4)","line":69,"loc":{"start":{"line":69,"column":31},"end":{"line":69,"column":48}},"skip":true},"5":{"name":"(anonymous_5)","line":78,"loc":{"start":{"line":78,"column":26},"end":{"line":78,"column":45}},"skip":true},"6":{"name":"(anonymous_6)","line":123,"loc":{"start":{"line":123,"column":33},"end":{"line":123,"column":48}},"skip":true},"7":{"name":"(anonymous_7)","line":125,"loc":{"start":{"line":125,"column":27},"end":{"line":125,"column":39}},"skip":true},"8":{"name":"(anonymous_8)","line":133,"loc":{"start":{"line":133,"column":59},"end":{"line":133,"column":74}},"skip":true},"9":{"name":"(anonymous_9)","line":143,"loc":{"start":{"line":143,"column":45},"end":{"line":143,"column":62}},"skip":true},"10":{"name":"(anonymous_10)","line":144,"loc":{"start":{"line":144,"column":73},"end":{"line":144,"column":92}},"skip":true},"11":{"name":"(anonymous_11)","line":272,"loc":{"start":{"line":272,"column":51},"end":{"line":272,"column":77}},"skip":true},"12":{"name":"(anonymous_12)","line":315,"loc":{"start":{"line":315,"column":32},"end":{"line":315,"column":61}},"skip":true}},"statementMap":{"1":{"start":{"line":26,"column":0},"end":{"line":326,"column":5}},"2":{"start":{"line":28,"column":4},"end":{"line":28,"column":14}},"3":{"start":{"line":33,"column":4},"end":{"line":60,"column":9}},"4":{"start":{"line":35,"column":8},"end":{"line":35,"column":19}},"5":{"start":{"line":37,"column":8},"end":{"line":49,"column":13}},"6":{"start":{"line":38,"column":12},"end":{"line":48,"column":13}},"7":{"start":{"line":39,"column":16},"end":{"line":42,"column":30}},"8":{"start":{"line":44,"column":16},"end":{"line":47,"column":27}},"9":{"start":{"line":51,"column":8},"end":{"line":53,"column":21}},"10":{"start":{"line":55,"column":8},"end":{"line":57,"column":45}},"11":{"start":{"line":59,"column":8},"end":{"line":59,"column":35}},"12":{"start":{"line":61,"column":4},"end":{"line":325,"column":5}},"13":{"start":{"line":69,"column":8},"end":{"line":121,"column":10},"skip":true},"14":{"start":{"line":70,"column":12},"end":{"line":88,"column":13},"skip":true},"15":{"start":{"line":76,"column":16},"end":{"line":87,"column":19},"skip":true},"16":{"start":{"line":79,"column":20},"end":{"line":86,"column":21},"skip":true},"17":{"start":{"line":82,"column":24},"end":{"line":82,"column":43},"skip":true},"18":{"start":{"line":83,"column":24},"end":{"line":83,"column":30},"skip":true},"19":{"start":{"line":85,"column":24},"end":{"line":85,"column":49},"skip":true},"20":{"start":{"line":89,"column":12},"end":{"line":107,"column":13},"skip":true},"21":{"start":{"line":92,"column":16},"end":{"line":102,"column":17},"skip":true},"22":{"start":{"line":93,"column":20},"end":{"line":93,"column":86},"skip":true},"23":{"start":{"line":94,"column":20},"end":{"line":95,"column":45},"skip":true},"24":{"start":{"line":96,"column":20},"end":{"line":96,"column":42},"skip":true},"25":{"start":{"line":97,"column":20},"end":{"line":97,"column":48},"skip":true},"26":{"start":{"line":100,"column":20},"end":{"line":100,"column":85},"skip":true},"27":{"start":{"line":101,"column":20},"end":{"line":101,"column":96},"skip":true},"28":{"start":{"line":103,"column":16},"end":{"line":103,"column":22},"skip":true},"29":{"start":{"line":106,"column":16},"end":{"line":106,"column":22},"skip":true},"30":{"start":{"line":108,"column":12},"end":{"line":120,"column":13},"skip":true},"31":{"start":{"line":114,"column":16},"end":{"line":119,"column":17},"skip":true},"32":{"start":{"line":116,"column":20},"end":{"line":116,"column":78},"skip":true},"33":{"start":{"line":118,"column":20},"end":{"line":118,"column":47},"skip":true},"34":{"start":{"line":123,"column":8},"end":{"line":141,"column":11},"skip":true},"35":{"start":{"line":124,"column":12},"end":{"line":124,"column":54},"skip":true},"36":{"start":{"line":125,"column":12},"end":{"line":140,"column":14},"skip":true},"37":{"start":{"line":126,"column":16},"end":{"line":126,"column":28},"skip":true},"38":{"start":{"line":127,"column":16},"end":{"line":127,"column":69},"skip":true},"39":{"start":{"line":128,"column":16},"end":{"line":128,"column":75},"skip":true},"40":{"start":{"line":129,"column":16},"end":{"line":131,"column":17},"skip":true},"41":{"start":{"line":130,"column":20},"end":{"line":130,"column":27},"skip":true},"42":{"start":{"line":133,"column":16},"end":{"line":137,"column":36},"skip":true},"43":{"start":{"line":134,"column":20},"end":{"line":136,"column":55},"skip":true},"44":{"start":{"line":139,"column":16},"end":{"line":139,"column":57},"skip":true},"45":{"start":{"line":143,"column":8},"end":{"line":147,"column":11},"skip":true},"46":{"start":{"line":144,"column":12},"end":{"line":146,"column":15},"skip":true},"47":{"start":{"line":145,"column":16},"end":{"line":145,"column":70},"skip":true},"48":{"start":{"line":149,"column":8},"end":{"line":149,"column":31},"skip":true},"49":{"start":{"line":150,"column":8},"end":{"line":150,"column":14},"skip":true},"50":{"start":{"line":158,"column":8},"end":{"line":158,"column":31},"skip":true},"51":{"start":{"line":160,"column":8},"end":{"line":160,"column":33},"skip":true},"52":{"start":{"line":161,"column":8},"end":{"line":161,"column":37},"skip":true},"53":{"start":{"line":162,"column":8},"end":{"line":162,"column":35},"skip":true},"54":{"start":{"line":164,"column":8},"end":{"line":164,"column":50},"skip":true},"55":{"start":{"line":166,"column":8},"end":{"line":256,"column":2},"skip":true},"56":{"start":{"line":258,"column":8},"end":{"line":286,"column":9},"skip":true},"57":{"start":{"line":259,"column":12},"end":{"line":269,"column":14},"skip":true},"58":{"start":{"line":271,"column":12},"end":{"line":285,"column":19},"skip":true},"59":{"start":{"line":274,"column":20},"end":{"line":274,"column":35},"skip":true},"60":{"start":{"line":275,"column":20},"end":{"line":284,"column":21},"skip":true},"61":{"start":{"line":277,"column":24},"end":{"line":277,"column":64},"skip":true},"62":{"start":{"line":279,"column":24},"end":{"line":279,"column":40},"skip":true},"63":{"start":{"line":281,"column":24},"end":{"line":281,"column":40},"skip":true},"64":{"start":{"line":283,"column":24},"end":{"line":283,"column":39},"skip":true},"65":{"start":{"line":288,"column":8},"end":{"line":290,"column":9},"skip":true},"66":{"start":{"line":289,"column":12},"end":{"line":289,"column":18},"skip":true},"67":{"start":{"line":291,"column":8},"end":{"line":293,"column":54},"skip":true},"68":{"start":{"line":296,"column":8},"end":{"line":301,"column":37},"skip":true},"69":{"start":{"line":303,"column":8},"end":{"line":303,"column":82},"skip":true},"70":{"start":{"line":306,"column":8},"end":{"line":308,"column":9},"skip":true},"71":{"start":{"line":307,"column":12},"end":{"line":307,"column":82},"skip":true},"72":{"start":{"line":310,"column":8},"end":{"line":312,"column":9},"skip":true},"73":{"start":{"line":311,"column":12},"end":{"line":311,"column":18},"skip":true},"74":{"start":{"line":313,"column":8},"end":{"line":313,"column":54},"skip":true},"75":{"start":{"line":314,"column":8},"end":{"line":314,"column":69},"skip":true},"76":{"start":{"line":315,"column":8},"end":{"line":323,"column":36},"skip":true},"77":{"start":{"line":316,"column":12},"end":{"line":316,"column":61},"skip":true},"78":{"start":{"line":317,"column":12},"end":{"line":320,"column":13},"skip":true},"79":{"start":{"line":318,"column":16},"end":{"line":318,"column":75},"skip":true},"80":{"start":{"line":319,"column":16},"end":{"line":319,"column":23},"skip":true},"81":{"start":{"line":321,"column":12},"end":{"line":321,"column":38},"skip":true},"82":{"start":{"line":322,"column":12},"end":{"line":322,"column":27},"skip":true},"83":{"start":{"line":324,"column":8},"end":{"line":324,"column":14},"skip":true}},"branchMap":{"1":{"line":39,"type":"binary-expr","locations":[{"start":{"line":39,"column":23},"end":{"line":39,"column":62}},{"start":{"line":40,"column":20},"end":{"line":40,"column":70}},{"start":{"line":41,"column":20},"end":{"line":41,"column":71}},{"start":{"line":42,"column":20},"end":{"line":42,"column":29}}]},"2":{"line":44,"type":"binary-expr","locations":[{"start":{"line":44,"column":23},"end":{"line":44,"column":37}},{"start":{"line":45,"column":20},"end":{"line":45,"column":61}},{"start":{"line":46,"column":20},"end":{"line":46,"column":70}},{"start":{"line":47,"column":20},"end":{"line":47,"column":26}}]},"3":{"line":51,"type":"cond-expr","locations":[{"start":{"line":52,"column":14},"end":{"line":52,"column":20}},{"start":{"line":53,"column":14},"end":{"line":53,"column":20}}]},"4":{"line":55,"type":"binary-expr","locations":[{"start":{"line":55,"column":16},"end":{"line":55,"column":44}},{"start":{"line":55,"column":49},"end":{"line":57,"column":43}}]},"5":{"line":55,"type":"cond-expr","locations":[{"start":{"line":56,"column":14},"end":{"line":56,"column":49}},{"start":{"line":57,"column":14},"end":{"line":57,"column":43}}]},"6":{"line":61,"type":"switch","locations":[{"start":{"line":68,"column":4},"end":{"line":150,"column":14},"skip":true},{"start":{"line":156,"column":4},"end":{"line":324,"column":14},"skip":true}]},"7":{"line":70,"type":"if","locations":[{"start":{"line":70,"column":12},"end":{"line":70,"column":12},"skip":true},{"start":{"line":70,"column":12},"end":{"line":70,"column":12},"skip":true}]},"8":{"line":70,"type":"binary-expr","locations":[{"start":{"line":70,"column":16},"end":{"line":70,"column":22},"skip":true},{"start":{"line":70,"column":27},"end":{"line":70,"column":32},"skip":true},{"start":{"line":71,"column":20},"end":{"line":71,"column":39},"skip":true},{"start":{"line":72,"column":20},"end":{"line":72,"column":49},"skip":true},{"start":{"line":73,"column":20},"end":{"line":73,"column":58},"skip":true},{"start":{"line":74,"column":20},"end":{"line":74,"column":69},"skip":true}]},"9":{"line":79,"type":"switch","locations":[{"start":{"line":80,"column":20},"end":{"line":80,"column":33},"skip":true},{"start":{"line":81,"column":20},"end":{"line":83,"column":30},"skip":true},{"start":{"line":84,"column":20},"end":{"line":85,"column":49},"skip":true}]},"10":{"line":89,"type":"switch","locations":[{"start":{"line":90,"column":12},"end":{"line":103,"column":22},"skip":true},{"start":{"line":105,"column":12},"end":{"line":106,"column":22},"skip":true}]},"11":{"line":89,"type":"binary-expr","locations":[{"start":{"line":89,"column":20},"end":{"line":89,"column":25},"skip":true},{"start":{"line":89,"column":29},"end":{"line":89,"column":48},"skip":true},{"start":{"line":89,"column":52},"end":{"line":89,"column":74},"skip":true}]},"12":{"line":92,"type":"if","locations":[{"start":{"line":92,"column":16},"end":{"line":92,"column":16},"skip":true},{"start":{"line":92,"column":16},"end":{"line":92,"column":16},"skip":true}]},"13":{"line":108,"type":"if","locations":[{"start":{"line":108,"column":12},"end":{"line":108,"column":12},"skip":true},{"start":{"line":108,"column":12},"end":{"line":108,"column":12},"skip":true}]},"14":{"line":108,"type":"binary-expr","locations":[{"start":{"line":108,"column":16},"end":{"line":108,"column":61},"skip":true},{"start":{"line":108,"column":66},"end":{"line":108,"column":72},"skip":true},{"start":{"line":108,"column":77},"end":{"line":108,"column":82},"skip":true},{"start":{"line":109,"column":20},"end":{"line":109,"column":39},"skip":true},{"start":{"line":110,"column":20},"end":{"line":110,"column":49},"skip":true},{"start":{"line":111,"column":20},"end":{"line":111,"column":58},"skip":true},{"start":{"line":112,"column":20},"end":{"line":112,"column":68},"skip":true}]},"15":{"line":129,"type":"if","locations":[{"start":{"line":129,"column":16},"end":{"line":129,"column":16},"skip":true},{"start":{"line":129,"column":16},"end":{"line":129,"column":16},"skip":true}]},"16":{"line":134,"type":"cond-expr","locations":[{"start":{"line":135,"column":26},"end":{"line":135,"column":29},"skip":true},{"start":{"line":136,"column":26},"end":{"line":136,"column":54},"skip":true}]},"17":{"line":164,"type":"binary-expr","locations":[{"start":{"line":164,"column":27},"end":{"line":164,"column":43},"skip":true},{"start":{"line":164,"column":47},"end":{"line":164,"column":49},"skip":true}]},"18":{"line":258,"type":"if","locations":[{"start":{"line":258,"column":8},"end":{"line":258,"column":8},"skip":true},{"start":{"line":258,"column":8},"end":{"line":258,"column":8},"skip":true}]},"19":{"line":275,"type":"switch","locations":[{"start":{"line":276,"column":20},"end":{"line":277,"column":64},"skip":true},{"start":{"line":278,"column":20},"end":{"line":279,"column":40},"skip":true},{"start":{"line":280,"column":20},"end":{"line":281,"column":40},"skip":true},{"start":{"line":282,"column":20},"end":{"line":283,"column":39},"skip":true}]},"20":{"line":288,"type":"if","locations":[{"start":{"line":288,"column":8},"end":{"line":288,"column":8},"skip":true},{"start":{"line":288,"column":8},"end":{"line":288,"column":8},"skip":true}]},"21":{"line":288,"type":"binary-expr","locations":[{"start":{"line":288,"column":12},"end":{"line":288,"column":40},"skip":true},{"start":{"line":288,"column":44},"end":{"line":288,"column":67},"skip":true}]},"22":{"line":292,"type":"binary-expr","locations":[{"start":{"line":292,"column":12},"end":{"line":292,"column":50},"skip":true},{"start":{"line":293,"column":12},"end":{"line":293,"column":53},"skip":true}]},"23":{"line":297,"type":"binary-expr","locations":[{"start":{"line":297,"column":12},"end":{"line":297,"column":63},"skip":true},{"start":{"line":298,"column":12},"end":{"line":301,"column":36},"skip":true}]},"24":{"line":303,"type":"binary-expr","locations":[{"start":{"line":303,"column":43},"end":{"line":303,"column":75},"skip":true},{"start":{"line":303,"column":79},"end":{"line":303,"column":81},"skip":true}]},"25":{"line":306,"type":"if","locations":[{"start":{"line":306,"column":8},"end":{"line":306,"column":8},"skip":true},{"start":{"line":306,"column":8},"end":{"line":306,"column":8},"skip":true}]},"26":{"line":310,"type":"if","locations":[{"start":{"line":310,"column":8},"end":{"line":310,"column":8},"skip":true},{"start":{"line":310,"column":8},"end":{"line":310,"column":8},"skip":true}]},"27":{"line":313,"type":"binary-expr","locations":[{"start":{"line":313,"column":27},"end":{"line":313,"column":43},"skip":true},{"start":{"line":313,"column":47},"end":{"line":313,"column":53},"skip":true}]},"28":{"line":317,"type":"if","locations":[{"start":{"line":317,"column":12},"end":{"line":317,"column":12},"skip":true},{"start":{"line":317,"column":12},"end":{"line":317,"column":12},"skip":true}]}},"code":["/*","example.js","","quickstart example","","instruction","    1. save this script as example.js","    2. run the shell command:","        $ npm install npmtest-slick && PORT=8081 node example.js","    3. play with the browser-demo on http://127.0.0.1:8081","*/","","","","/* istanbul instrument in package npmtest_slick */","/*jslint","    bitwise: true,","    browser: true,","    maxerr: 8,","    maxlen: 96,","    node: true,","    nomen: true,","    regexp: true,","    stupid: true","*/","(function () {","    'use strict';","    var local;","","","","    // run shared js-env code - pre-init","    (function () {","        // init local","        local = {};","        // init modeJs","        local.modeJs = (function () {","            try {","                return typeof navigator.userAgent === 'string' &&","                    typeof document.querySelector('body') === 'object' &&","                    typeof XMLHttpRequest.prototype.open === 'function' &&","                    'browser';","            } catch (errorCaughtBrowser) {","                return module.exports &&","                    typeof process.versions.node === 'string' &&","                    typeof require('http').createServer === 'function' &&","                    'node';","            }","        }());","        // init global","        local.global = local.modeJs === 'browser'","            ? window","            : global;","        // init utility2_rollup","        local = local.global.utility2_rollup || (local.modeJs === 'browser'","            ? local.global.utility2_npmtest_slick","            : global.utility2_moduleExports);","        // export local","        local.global.local = local;","    }());","    switch (local.modeJs) {","","","","    // post-init","    // run browser js-env code - post-init","    /* istanbul ignore next */","    case 'browser':","        local.testRunBrowser = function (event) {","            if (!event || (event &&","                    event.currentTarget &&","                    event.currentTarget.className &&","                    event.currentTarget.className.includes &&","                    event.currentTarget.className.includes('onreset'))) {","                // reset output","                Array.from(","                    document.querySelectorAll('body > .resettable')","                ).forEach(function (element) {","                    switch (element.tagName) {","                    case 'INPUT':","                    case 'TEXTAREA':","                        element.value = '';","                        break;","                    default:","                        element.textContent = '';","                    }","                });","            }","            switch (event && event.currentTarget && event.currentTarget.id) {","            case 'testRunButton1':","                // show tests","                if (document.querySelector('#testReportDiv1').style.display === 'none') {","                    document.querySelector('#testReportDiv1').style.display = 'block';","                    document.querySelector('#testRunButton1').textContent =","                        'hide internal test';","                    local.modeTest = true;","                    local.testRunDefault(local);","                // hide tests","                } else {","                    document.querySelector('#testReportDiv1').style.display = 'none';","                    document.querySelector('#testRunButton1').textContent = 'run internal test';","                }","                break;","            // custom-case","            default:","                break;","            }","            if (document.querySelector('#inputTextareaEval1') && (!event || (event &&","                    event.currentTarget &&","                    event.currentTarget.className &&","                    event.currentTarget.className.includes &&","                    event.currentTarget.className.includes('oneval')))) {","                // try to eval input-code","                try {","                    /*jslint evil: true*/","                    eval(document.querySelector('#inputTextareaEval1').value);","                } catch (errorCaught) {","                    console.error(errorCaught);","                }","            }","        };","        // log stderr and stdout to #outputTextareaStdout1","        ['error', 'log'].forEach(function (key) {","            console[key + '_original'] = console[key];","            console[key] = function () {","                var element;","                console[key + '_original'].apply(console, arguments);","                element = document.querySelector('#outputTextareaStdout1');","                if (!element) {","                    return;","                }","                // append text to #outputTextareaStdout1","                element.value += Array.from(arguments).map(function (arg) {","                    return typeof arg === 'string'","                        ? arg","                        : JSON.stringify(arg, null, 4);","                }).join(' ') + '\\n';","                // scroll textarea to bottom","                element.scrollTop = element.scrollHeight;","            };","        });","        // init event-handling","        ['change', 'click', 'keyup'].forEach(function (event) {","            Array.from(document.querySelectorAll('.on' + event)).forEach(function (element) {","                element.addEventListener(event, local.testRunBrowser);","            });","        });","        // run tests","        local.testRunBrowser();","        break;","","","","    // run node js-env code - post-init","    /* istanbul ignore next */","    case 'node':","        // export local","        module.exports = local;","        // require modules","        local.fs = require('fs');","        local.http = require('http');","        local.url = require('url');","        // init assets","        local.assetsDict = local.assetsDict || {};","        /* jslint-ignore-begin */","        local.assetsDict['/assets.index.template.html'] = '\\","<!doctype html>\\n\\","<html lang=\"en\">\\n\\","<head>\\n\\","<meta charset=\"UTF-8\">\\n\\","<meta name=\"viewport\" content=\"width=device-width, initial-scale=1\">\\n\\","<title>{{env.npm_package_name}} (v{{env.npm_package_version}})</title>\\n\\","<style>\\n\\","/*csslint\\n\\","    box-sizing: false,\\n\\","    universal-selector: false\\n\\","*/\\n\\","* {\\n\\","    box-sizing: border-box;\\n\\","}\\n\\","body {\\n\\","    background: #dde;\\n\\","    font-family: Arial, Helvetica, sans-serif;\\n\\","    margin: 2rem;\\n\\","}\\n\\","body > * {\\n\\","    margin-bottom: 1rem;\\n\\","}\\n\\",".utility2FooterDiv {\\n\\","    margin-top: 20px;\\n\\","    text-align: center;\\n\\","}\\n\\","</style>\\n\\","<style>\\n\\","/*csslint\\n\\","*/\\n\\","textarea {\\n\\","    font-family: monospace;\\n\\","    height: 10rem;\\n\\","    width: 100%;\\n\\","}\\n\\","textarea[readonly] {\\n\\","    background: #ddd;\\n\\","}\\n\\","</style>\\n\\","</head>\\n\\","<body>\\n\\","<!-- utility2-comment\\n\\","<div id=\"ajaxProgressDiv1\" style=\"background: #d00; height: 2px; left: 0; margin: 0; padding: 0; position: fixed; top: 0; transition: background 0.5s, width 1.5s; width: 25%;\"></div>\\n\\","utility2-comment -->\\n\\","<h1>\\n\\","<!-- utility2-comment\\n\\","    <a\\n\\","        {{#if env.npm_package_homepage}}\\n\\","        href=\"{{env.npm_package_homepage}}\"\\n\\","        {{/if env.npm_package_homepage}}\\n\\","        target=\"_blank\"\\n\\","    >\\n\\","utility2-comment -->\\n\\","        {{env.npm_package_name}} (v{{env.npm_package_version}})\\n\\","<!-- utility2-comment\\n\\","    </a>\\n\\","utility2-comment -->\\n\\","</h1>\\n\\","<h3>{{env.npm_package_description}}</h3>\\n\\","<!-- utility2-comment\\n\\","<h4><a download href=\"assets.app.js\">download standalone app</a></h4>\\n\\","<button class=\"onclick onreset\" id=\"testRunButton1\">run internal test</button><br>\\n\\","<div id=\"testReportDiv1\" style=\"display: none;\"></div>\\n\\","utility2-comment -->\\n\\","\\n\\","\\n\\","\\n\\","<label>stderr and stdout</label>\\n\\","<textarea class=\"resettable\" id=\"outputTextareaStdout1\" readonly></textarea>\\n\\","<!-- utility2-comment\\n\\","{{#if isRollup}}\\n\\","<script src=\"assets.app.js\"></script>\\n\\","{{#unless isRollup}}\\n\\","utility2-comment -->\\n\\","<script src=\"assets.utility2.rollup.js\"></script>\\n\\","<script src=\"jsonp.utility2._stateInit?callback=window.utility2._stateInit\"></script>\\n\\","<script src=\"assets.npmtest_slick.rollup.js\"></script>\\n\\","<script src=\"assets.example.js\"></script>\\n\\","<script src=\"assets.test.js\"></script>\\n\\","<!-- utility2-comment\\n\\","{{/if isRollup}}\\n\\","utility2-comment -->\\n\\","<div class=\"utility2FooterDiv\">\\n\\","    [ this app was created with\\n\\","    <a href=\"https://github.com/kaizhu256/node-utility2\" target=\"_blank\">utility2</a>\\n\\","    ]\\n\\","</div>\\n\\","</body>\\n\\","</html>\\n\\","';","        /* jslint-ignore-end */","        if (local.templateRender) {","            local.assetsDict['/'] = local.templateRender(","                local.assetsDict['/assets.index.template.html'],","                {","                    env: local.objectSetDefault(local.env, {","                        npm_package_description: 'the greatest app in the world!',","                        npm_package_name: 'my-app',","                        npm_package_nameAlias: 'my_app',","                        npm_package_version: '0.0.1'","                    })","                }","            );","        } else {","            local.assetsDict['/'] = local.assetsDict['/assets.index.template.html']","                .replace((/\\{\\{env\\.(\\w+?)\\}\\}/g), function (match0, match1) {","                    // jslint-hack","                    String(match0);","                    switch (match1) {","                    case 'npm_package_description':","                        return 'the greatest app in the world!';","                    case 'npm_package_name':","                        return 'my-app';","                    case 'npm_package_nameAlias':","                        return 'my_app';","                    case 'npm_package_version':","                        return '0.0.1';","                    }","                });","        }","        // run the cli","        if (local.global.utility2_rollup || module !== require.main) {","            break;","        }","        local.assetsDict['/assets.example.js'] =","            local.assetsDict['/assets.example.js'] ||","            local.fs.readFileSync(__filename, 'utf8');","        // bug-workaround - long $npm_package_buildCustomOrg","        /* jslint-ignore-begin */","        local.assetsDict['/assets.npmtest_slick.rollup.js'] =","            local.assetsDict['/assets.npmtest_slick.rollup.js'] ||","            local.fs.readFileSync(","                local.npmtest_slick.__dirname + '/lib.npmtest_slick.js',","                'utf8'","            ).replace((/^#!/), '//');","        /* jslint-ignore-end */","        local.assetsDict['/favicon.ico'] = local.assetsDict['/favicon.ico'] || '';","        // if $npm_config_timeout_exit exists,","        // then exit this process after $npm_config_timeout_exit ms","        if (Number(process.env.npm_config_timeout_exit)) {","            setTimeout(process.exit, Number(process.env.npm_config_timeout_exit));","        }","        // start server","        if (local.global.utility2_serverHttp1) {","            break;","        }","        process.env.PORT = process.env.PORT || '8081';","        console.error('server starting on port ' + process.env.PORT);","        local.http.createServer(function (request, response) {","            request.urlParsed = local.url.parse(request.url);","            if (local.assetsDict[request.urlParsed.pathname] !== undefined) {","                response.end(local.assetsDict[request.urlParsed.pathname]);","                return;","            }","            response.statusCode = 404;","            response.end();","        }).listen(process.env.PORT);","        break;","    }","}());",""],"l":{"26":2,"28":2,"33":2,"35":2,"37":2,"38":2,"39":2,"44":1,"51":2,"55":2,"59":2,"61":2,"69":1,"70":2,"76":2,"79":2,"82":2,"83":2,"85":1,"89":2,"92":1,"93":1,"94":1,"96":1,"97":1,"100":1,"101":1,"103":1,"106":1,"108":2,"114":1,"116":1,"118":1,"123":1,"124":2,"125":2,"126":3,"127":3,"128":3,"129":3,"130":1,"133":3,"134":3,"139":3,"143":1,"144":3,"145":1,"149":1,"150":1,"158":1,"160":1,"161":1,"162":1,"164":1,"166":1,"258":1,"259":1,"271":1,"274":6,"275":6,"277":1,"279":2,"281":1,"283":2,"288":1,"289":1,"291":1,"296":1,"303":1,"306":1,"307":1,"310":1,"311":1,"313":1,"314":1,"315":1,"316":1,"317":1,"318":1,"319":1,"321":1,"322":1,"324":1}},"/home/travis/build/npmtest/node-npmtest-slick/node_modules/slick/index.js":{"path":"/home/travis/build/npmtest/node-npmtest-slick/node_modules/slick/index.js","s":{"1":1},"b":{"1":[0,1]},"f":{},"fnMap":{},"statementMap":{"1":{"start":{"line":5,"column":0},"end":{"line":5,"column":92}}},"branchMap":{"1":{"line":5,"type":"cond-expr","locations":[{"start":{"line":5,"column":40},"end":{"line":5,"column":59}},{"start":{"line":5,"column":62},"end":{"line":5,"column":92}}]}},"code":["/*","slick","*/\"use strict\"","","module.exports = \"document\" in global ? require(\"./finder\") : { parse: require(\"./parser\") }",""],"l":{"5":1}},"/home/travis/build/npmtest/node-npmtest-slick/node_modules/slick/parser.js":{"path":"/home/travis/build/npmtest/node-npmtest-slick/node_modules/slick/parser.js","s":{"1":1,"2":1,"3":1,"4":1,"5":0,"6":1,"7":1,"8":0,"9":0,"10":1,"11":0,"12":0,"13":0,"14":0,"15":0,"16":0,"17":0,"18":0,"19":0,"20":0,"21":0,"22":0,"23":0,"24":0,"25":0,"26":0,"27":0,"28":1,"29":0,"30":1,"31":0,"32":0,"33":0,"34":0,"35":0,"36":0,"37":0,"38":0,"39":0,"40":0,"41":1,"42":0,"43":0,"44":0,"45":0,"46":0,"47":0,"48":0,"49":0,"50":0,"51":0,"52":0,"53":0,"54":0,"55":0,"56":0,"57":0,"58":0,"59":0,"60":0,"61":0,"62":0,"63":0,"64":0,"65":0,"66":0,"67":0,"68":0,"69":0,"70":0,"71":0,"72":1,"73":0,"74":0,"75":0,"76":0,"77":0,"78":0,"79":0,"80":0,"81":0,"82":1,"83":0,"84":0,"85":0,"86":0,"87":0,"88":0,"89":1,"90":1,"91":0,"92":0,"93":0,"94":0,"95":1},"b":{"1":[0,0],"2":[0,0],"3":[0,0],"4":[0,0],"5":[0,0],"6":[0,0],"7":[0,0],"8":[0,0],"9":[0,0],"10":[0,0],"11":[0,0],"12":[0,0],"13":[0,0],"14":[0,0],"15":[0,0],"16":[0,0],"17":[0,0],"18":[0,0,0],"19":[0,0],"20":[0,0],"21":[0,0],"22":[0,0],"23":[0,0],"24":[0,0],"25":[0,0],"26":[0,0],"27":[0,0],"28":[0,0],"29":[0,0],"30":[0,0],"31":[0,0],"32":[0,0],"33":[0,0],"34":[0,0],"35":[0,0],"36":[0,0],"37":[0,0],"38":[0,0],"39":[0,0],"40":[0,0]},"f":{"1":1,"2":0,"3":0,"4":0,"5":0,"6":0,"7":0,"8":0,"9":0,"10":0,"11":0},"fnMap":{"1":{"name":"(anonymous_1)","line":25,"loc":{"start":{"line":25,"column":13},"end":{"line":25,"column":29}}},"2":{"name":"(anonymous_2)","line":31,"loc":{"start":{"line":31,"column":15},"end":{"line":31,"column":31}}},"3":{"name":"Part","line":72,"loc":{"start":{"line":72,"column":11},"end":{"line":72,"column":36}}},"4":{"name":"(anonymous_4)","line":77,"loc":{"start":{"line":77,"column":26},"end":{"line":77,"column":36}}},"5":{"name":"Expression","line":103,"loc":{"start":{"line":103,"column":17},"end":{"line":103,"column":38}}},"6":{"name":"(anonymous_6)","line":107,"loc":{"start":{"line":107,"column":32},"end":{"line":107,"column":42}}},"7":{"name":"(anonymous_7)","line":126,"loc":{"start":{"line":126,"column":15},"end":{"line":147,"column":1}}},"8":{"name":"Expressions","line":216,"loc":{"start":{"line":216,"column":18},"end":{"line":216,"column":50}}},"9":{"name":"(anonymous_9)","line":224,"loc":{"start":{"line":224,"column":47},"end":{"line":224,"column":57}}},"10":{"name":"(anonymous_10)","line":232,"loc":{"start":{"line":232,"column":33},"end":{"line":232,"column":43}}},"11":{"name":"(anonymous_11)","line":244,"loc":{"start":{"line":244,"column":12},"end":{"line":244,"column":32}}}},"statementMap":{"1":{"start":{"line":22,"column":0},"end":{"line":23,"column":22}},"2":{"start":{"line":25,"column":0},"end":{"line":29,"column":1}},"3":{"start":{"line":28,"column":4},"end":{"line":28,"column":50}},"4":{"start":{"line":31,"column":0},"end":{"line":33,"column":1}},"5":{"start":{"line":32,"column":4},"end":{"line":32,"column":48}},"6":{"start":{"line":35,"column":0},"end":{"line":68,"column":1}},"7":{"start":{"line":72,"column":0},"end":{"line":75,"column":1}},"8":{"start":{"line":73,"column":4},"end":{"line":73,"column":39}},"9":{"start":{"line":74,"column":4},"end":{"line":74,"column":18}},"10":{"start":{"line":77,"column":0},"end":{"line":99,"column":1}},"11":{"start":{"line":79,"column":4},"end":{"line":96,"column":5}},"12":{"start":{"line":81,"column":8},"end":{"line":81,"column":29}},"13":{"start":{"line":83,"column":8},"end":{"line":83,"column":30}},"14":{"start":{"line":84,"column":8},"end":{"line":84,"column":41}},"15":{"start":{"line":84,"column":21},"end":{"line":84,"column":41}},"16":{"start":{"line":85,"column":8},"end":{"line":85,"column":63}},"17":{"start":{"line":85,"column":26},"end":{"line":85,"column":63}},"18":{"start":{"line":86,"column":8},"end":{"line":88,"column":9}},"19":{"start":{"line":86,"column":29},"end":{"line":88,"column":9}},"20":{"start":{"line":87,"column":12},"end":{"line":87,"column":104}},"21":{"start":{"line":89,"column":8},"end":{"line":92,"column":9}},"22":{"start":{"line":89,"column":26},"end":{"line":92,"column":9}},"23":{"start":{"line":90,"column":12},"end":{"line":90,"column":34}},"24":{"start":{"line":91,"column":12},"end":{"line":91,"column":57}},"25":{"start":{"line":91,"column":28},"end":{"line":91,"column":57}},"26":{"start":{"line":94,"column":8},"end":{"line":94,"column":22}},"27":{"start":{"line":98,"column":4},"end":{"line":98,"column":19}},"28":{"start":{"line":103,"column":0},"end":{"line":105,"column":1}},"29":{"start":{"line":104,"column":4},"end":{"line":104,"column":19}},"30":{"start":{"line":107,"column":0},"end":{"line":124,"column":1}},"31":{"start":{"line":109,"column":4},"end":{"line":121,"column":5}},"32":{"start":{"line":111,"column":8},"end":{"line":111,"column":20}},"33":{"start":{"line":113,"column":8},"end":{"line":117,"column":9}},"34":{"start":{"line":114,"column":12},"end":{"line":114,"column":35}},"35":{"start":{"line":114,"column":25},"end":{"line":114,"column":35}},"36":{"start":{"line":115,"column":12},"end":{"line":115,"column":67}},"37":{"start":{"line":115,"column":40},"end":{"line":115,"column":67}},"38":{"start":{"line":116,"column":12},"end":{"line":116,"column":22}},"39":{"start":{"line":119,"column":8},"end":{"line":119,"column":22}},"40":{"start":{"line":123,"column":4},"end":{"line":123,"column":19}},"41":{"start":{"line":126,"column":0},"end":{"line":212,"column":1}},"42":{"start":{"line":149,"column":4},"end":{"line":149,"column":27}},"43":{"start":{"line":151,"column":4},"end":{"line":154,"column":5}},"44":{"start":{"line":152,"column":8},"end":{"line":152,"column":57}},"45":{"start":{"line":153,"column":8},"end":{"line":153,"column":32}},"46":{"start":{"line":153,"column":23},"end":{"line":153,"column":32}},"47":{"start":{"line":156,"column":4},"end":{"line":156,"column":55}},"48":{"start":{"line":156,"column":21},"end":{"line":156,"column":55}},"49":{"start":{"line":158,"column":4},"end":{"line":160,"column":5}},"50":{"start":{"line":159,"column":8},"end":{"line":159,"column":72}},"51":{"start":{"line":162,"column":4},"end":{"line":162,"column":61}},"52":{"start":{"line":162,"column":18},"end":{"line":162,"column":61}},"53":{"start":{"line":164,"column":4},"end":{"line":208,"column":5}},"54":{"start":{"line":166,"column":8},"end":{"line":166,"column":39}},"55":{"start":{"line":168,"column":11},"end":{"line":208,"column":5}},"56":{"start":{"line":170,"column":8},"end":{"line":170,"column":33}},"57":{"start":{"line":172,"column":11},"end":{"line":208,"column":5}},"58":{"start":{"line":174,"column":8},"end":{"line":174,"column":43}},"59":{"start":{"line":176,"column":8},"end":{"line":176,"column":63}},"60":{"start":{"line":177,"column":8},"end":{"line":182,"column":9}},"61":{"start":{"line":178,"column":12},"end":{"line":178,"column":50}},"62":{"start":{"line":179,"column":12},"end":{"line":179,"column":73}},"63":{"start":{"line":180,"column":12},"end":{"line":180,"column":37}},"64":{"start":{"line":181,"column":12},"end":{"line":181,"column":28}},"65":{"start":{"line":184,"column":11},"end":{"line":208,"column":5}},"66":{"start":{"line":186,"column":8},"end":{"line":188,"column":9}},"67":{"start":{"line":188,"column":9},"end":{"line":194,"column":10}},"68":{"start":{"line":196,"column":11},"end":{"line":208,"column":5}},"69":{"start":{"line":198,"column":8},"end":{"line":200,"column":9}},"70":{"start":{"line":200,"column":9},"end":{"line":206,"column":10}},"71":{"start":{"line":210,"column":4},"end":{"line":210,"column":13}},"72":{"start":{"line":216,"column":0},"end":{"line":230,"column":1}},"73":{"start":{"line":217,"column":4},"end":{"line":217,"column":19}},"74":{"start":{"line":219,"column":4},"end":{"line":219,"column":19}},"75":{"start":{"line":221,"column":4},"end":{"line":221,"column":39}},"76":{"start":{"line":223,"column":4},"end":{"line":229,"column":5}},"77":{"start":{"line":224,"column":8},"end":{"line":226,"column":10}},"78":{"start":{"line":225,"column":12},"end":{"line":225,"column":50}},"79":{"start":{"line":227,"column":8},"end":{"line":227,"column":92}},"80":{"start":{"line":227,"column":37},"end":{"line":227,"column":92}},"81":{"start":{"line":228,"column":8},"end":{"line":228,"column":29}},"82":{"start":{"line":232,"column":0},"end":{"line":240,"column":1}},"83":{"start":{"line":233,"column":4},"end":{"line":237,"column":5}},"84":{"start":{"line":234,"column":8},"end":{"line":234,"column":28}},"85":{"start":{"line":235,"column":8},"end":{"line":235,"column":89}},"86":{"start":{"line":235,"column":61},"end":{"line":235,"column":89}},"87":{"start":{"line":236,"column":8},"end":{"line":236,"column":41}},"88":{"start":{"line":239,"column":4},"end":{"line":239,"column":19}},"89":{"start":{"line":242,"column":0},"end":{"line":242,"column":14}},"90":{"start":{"line":244,"column":0},"end":{"line":248,"column":1}},"91":{"start":{"line":245,"column":4},"end":{"line":245,"column":39}},"92":{"start":{"line":245,"column":28},"end":{"line":245,"column":39}},"93":{"start":{"line":246,"column":4},"end":{"line":246,"column":60}},"94":{"start":{"line":247,"column":4},"end":{"line":247,"column":81}},"95":{"start":{"line":250,"column":0},"end":{"line":250,"column":22}}},"branchMap":{"1":{"line":73,"type":"binary-expr","locations":[{"start":{"line":73,"column":22},"end":{"line":73,"column":32}},{"start":{"line":73,"column":36},"end":{"line":73,"column":39}}]},"2":{"line":79,"type":"if","locations":[{"start":{"line":79,"column":4},"end":{"line":79,"column":4}},{"start":{"line":79,"column":4},"end":{"line":79,"column":4}}]},"3":{"line":83,"type":"binary-expr","locations":[{"start":{"line":83,"column":15},"end":{"line":83,"column":23}},{"start":{"line":83,"column":27},"end":{"line":83,"column":30}}]},"4":{"line":84,"type":"if","locations":[{"start":{"line":84,"column":8},"end":{"line":84,"column":8}},{"start":{"line":84,"column":8},"end":{"line":84,"column":8}}]},"5":{"line":85,"type":"if","locations":[{"start":{"line":85,"column":8},"end":{"line":85,"column":8}},{"start":{"line":85,"column":8},"end":{"line":85,"column":8}}]},"6":{"line":86,"type":"if","locations":[{"start":{"line":86,"column":8},"end":{"line":86,"column":8}},{"start":{"line":86,"column":8},"end":{"line":86,"column":8}}]},"7":{"line":87,"type":"cond-expr","locations":[{"start":{"line":87,"column":54},"end":{"line":87,"column":92}},{"start":{"line":87,"column":95},"end":{"line":87,"column":97}}]},"8":{"line":89,"type":"if","locations":[{"start":{"line":89,"column":8},"end":{"line":89,"column":8}},{"start":{"line":89,"column":8},"end":{"line":89,"column":8}}]},"9":{"line":91,"type":"if","locations":[{"start":{"line":91,"column":12},"end":{"line":91,"column":12}},{"start":{"line":91,"column":12},"end":{"line":91,"column":12}}]},"10":{"line":109,"type":"if","locations":[{"start":{"line":109,"column":4},"end":{"line":109,"column":4}},{"start":{"line":109,"column":4},"end":{"line":109,"column":4}}]},"11":{"line":114,"type":"if","locations":[{"start":{"line":114,"column":12},"end":{"line":114,"column":12}},{"start":{"line":114,"column":12},"end":{"line":114,"column":12}}]},"12":{"line":115,"type":"if","locations":[{"start":{"line":115,"column":12},"end":{"line":115,"column":12}},{"start":{"line":115,"column":12},"end":{"line":115,"column":12}}]},"13":{"line":151,"type":"if","locations":[{"start":{"line":151,"column":4},"end":{"line":151,"column":4}},{"start":{"line":151,"column":4},"end":{"line":151,"column":4}}]},"14":{"line":151,"type":"binary-expr","locations":[{"start":{"line":151,"column":8},"end":{"line":151,"column":17}},{"start":{"line":151,"column":21},"end":{"line":151,"column":33}}]},"15":{"line":153,"type":"if","locations":[{"start":{"line":153,"column":8},"end":{"line":153,"column":8}},{"start":{"line":153,"column":8},"end":{"line":153,"column":8}}]},"16":{"line":156,"type":"if","locations":[{"start":{"line":156,"column":4},"end":{"line":156,"column":4}},{"start":{"line":156,"column":4},"end":{"line":156,"column":4}}]},"17":{"line":158,"type":"if","locations":[{"start":{"line":158,"column":4},"end":{"line":158,"column":4}},{"start":{"line":158,"column":4},"end":{"line":158,"column":4}}]},"18":{"line":158,"type":"binary-expr","locations":[{"start":{"line":158,"column":8},"end":{"line":158,"column":18}},{"start":{"line":158,"column":22},"end":{"line":158,"column":40}},{"start":{"line":158,"column":44},"end":{"line":158,"column":62}}]},"19":{"line":162,"type":"if","locations":[{"start":{"line":162,"column":4},"end":{"line":162,"column":4}},{"start":{"line":162,"column":4},"end":{"line":162,"column":4}}]},"20":{"line":164,"type":"if","locations":[{"start":{"line":164,"column":4},"end":{"line":164,"column":4}},{"start":{"line":164,"column":4},"end":{"line":164,"column":4}}]},"21":{"line":168,"type":"if","locations":[{"start":{"line":168,"column":11},"end":{"line":168,"column":11}},{"start":{"line":168,"column":11},"end":{"line":168,"column":11}}]},"22":{"line":172,"type":"if","locations":[{"start":{"line":172,"column":11},"end":{"line":172,"column":11}},{"start":{"line":172,"column":11},"end":{"line":172,"column":11}}]},"23":{"line":176,"type":"binary-expr","locations":[{"start":{"line":176,"column":22},"end":{"line":176,"column":37}},{"start":{"line":176,"column":42},"end":{"line":176,"column":62}}]},"24":{"line":177,"type":"if","locations":[{"start":{"line":177,"column":8},"end":{"line":177,"column":8}},{"start":{"line":177,"column":8},"end":{"line":177,"column":8}}]},"25":{"line":179,"type":"binary-expr","locations":[{"start":{"line":179,"column":28},"end":{"line":179,"column":45}},{"start":{"line":179,"column":50},"end":{"line":179,"column":72}}]},"26":{"line":184,"type":"if","locations":[{"start":{"line":184,"column":11},"end":{"line":184,"column":11}},{"start":{"line":184,"column":11},"end":{"line":184,"column":11}}]},"27":{"line":186,"type":"binary-expr","locations":[{"start":{"line":186,"column":27},"end":{"line":186,"column":43}},{"start":{"line":186,"column":47},"end":{"line":186,"column":69}}]},"28":{"line":188,"type":"binary-expr","locations":[{"start":{"line":188,"column":10},"end":{"line":188,"column":25}},{"start":{"line":188,"column":30},"end":{"line":188,"column":50}}]},"29":{"line":189,"type":"cond-expr","locations":[{"start":{"line":189,"column":54},"end":{"line":189,"column":61}},{"start":{"line":189,"column":64},"end":{"line":189,"column":73}}]},"30":{"line":192,"type":"cond-expr","locations":[{"start":{"line":192,"column":46},"end":{"line":192,"column":72}},{"start":{"line":192,"column":75},"end":{"line":192,"column":79}}]},"31":{"line":193,"type":"cond-expr","locations":[{"start":{"line":193,"column":46},"end":{"line":193,"column":70}},{"start":{"line":193,"column":73},"end":{"line":193,"column":77}}]},"32":{"line":196,"type":"if","locations":[{"start":{"line":196,"column":11},"end":{"line":196,"column":11}},{"start":{"line":196,"column":11},"end":{"line":196,"column":11}}]},"33":{"line":198,"type":"cond-expr","locations":[{"start":{"line":198,"column":42},"end":{"line":198,"column":64}},{"start":{"line":198,"column":67},"end":{"line":198,"column":71}}]},"34":{"line":200,"type":"binary-expr","locations":[{"start":{"line":200,"column":10},"end":{"line":200,"column":28}},{"start":{"line":200,"column":33},"end":{"line":200,"column":56}}]},"35":{"line":204,"type":"cond-expr","locations":[{"start":{"line":204,"column":44},"end":{"line":204,"column":68}},{"start":{"line":204,"column":71},"end":{"line":204,"column":75}}]},"36":{"line":205,"type":"cond-expr","locations":[{"start":{"line":205,"column":44},"end":{"line":205,"column":66}},{"start":{"line":205,"column":69},"end":{"line":205,"column":73}}]},"37":{"line":227,"type":"if","locations":[{"start":{"line":227,"column":8},"end":{"line":227,"column":8}},{"start":{"line":227,"column":8},"end":{"line":227,"column":8}}]},"38":{"line":233,"type":"if","locations":[{"start":{"line":233,"column":4},"end":{"line":233,"column":4}},{"start":{"line":233,"column":4},"end":{"line":233,"column":4}}]},"39":{"line":245,"type":"if","locations":[{"start":{"line":245,"column":4},"end":{"line":245,"column":4}},{"start":{"line":245,"column":4},"end":{"line":245,"column":4}}]},"40":{"line":247,"type":"binary-expr","locations":[{"start":{"line":247,"column":11},"end":{"line":247,"column":28}},{"start":{"line":247,"column":33},"end":{"line":247,"column":80}}]}},"code":["/*","Slick Parser"," - originally created by the almighty Thomas Aylott <@subtlegradient> (http://subtlegradient.com)","*/\"use strict\"","","// Notable changes from Slick.Parser 1.0.x","","// The parser now uses 2 classes: Expressions and Expression","// `new Expressions` produces an array-like object containing a list of Expression objects","// - Expressions::toString() produces a cleaned up expressions string","// `new Expression` produces an array-like object","// - Expression::toString() produces a cleaned up expression string","// The only exposed method is parse, which produces a (cached) `new Expressions` instance","// parsed.raw is no longer present, use .toString()","// parsed.expression is now useless, just use the indices","// parsed.reverse() has been removed for now, due to its apparent uselessness","// Other changes in the Expressions object:","// - classNames are now unique, and save both escaped and unescaped values","// - attributes now save both escaped and unescaped values","// - pseudos now save both escaped and unescaped values","","var escapeRe   = /([-.*+?^${}()|[\\]\\/\\\\])/g,","    unescapeRe = /\\\\/g","","var escape = function(string){","    // XRegExp v2.0.0-beta-3","    // « https://github.com/slevithan/XRegExp/blob/master/src/xregexp.js","    return (string + \"\").replace(escapeRe, '\\\\$1')","}","","var unescape = function(string){","    return (string + \"\").replace(unescapeRe, '')","}","","var slickRe = RegExp(","/*","#!/usr/bin/env ruby","puts \"\\t\\t\" + DATA.read.gsub(/\\(\\?x\\)|\\s+#.*$|\\s+|\\\\$|\\\\n/,'')","__END__","    \"(?x)^(?:\\","      \\\\s* ( , ) \\\\s*               # Separator          \\n\\","    | \\\\s* ( <combinator>+ ) \\\\s*   # Combinator         \\n\\","    |      ( \\\\s+ )                 # CombinatorChildren \\n\\","    |      ( <unicode>+ | \\\\* )     # Tag                \\n\\","    | \\\\#  ( <unicode>+       )     # ID                 \\n\\","    | \\\\.  ( <unicode>+       )     # ClassName          \\n\\","    |                               # Attribute          \\n\\","    \\\\[  \\","        \\\\s* (<unicode1>+)  (?:  \\","            \\\\s* ([*^$!~|]?=)  (?:  \\","                \\\\s* (?:\\","                    ([\\\"']?)(.*?)\\\\9 \\","                )\\","            )  \\","        )?  \\\\s*  \\","    \\\\](?!\\\\]) \\n\\","    |   :+ ( <unicode>+ )(?:\\","    \\\\( (?:\\","        (?:([\\\"'])([^\\\\12]*)\\\\12)|((?:\\\\([^)]+\\\\)|[^()]*)+)\\","    ) \\\\)\\","    )?\\","    )\"","*/","\"^(?:\\\\s*(,)\\\\s*|\\\\s*(<combinator>+)\\\\s*|(\\\\s+)|(<unicode>+|\\\\*)|\\\\#(<unicode>+)|\\\\.(<unicode>+)|\\\\[\\\\s*(<unicode1>+)(?:\\\\s*([*^$!~|]?=)(?:\\\\s*(?:([\\\"']?)(.*?)\\\\9)))?\\\\s*\\\\](?!\\\\])|(:+)(<unicode>+)(?:\\\\((?:(?:([\\\"'])([^\\\\13]*)\\\\13)|((?:\\\\([^)]+\\\\)|[^()]*)+))\\\\))?)\"","    .replace(/<combinator>/, '[' + escape(\">+~`!@$%^&={}\\\\;</\") + ']')","    .replace(/<unicode>/g, '(?:[\\\\w\\\\u00a1-\\\\uFFFF-]|\\\\\\\\[^\\\\s0-9a-f])')","    .replace(/<unicode1>/g, '(?:[:\\\\w\\\\u00a1-\\\\uFFFF-]|\\\\\\\\[^\\\\s0-9a-f])')",")","","// Part","","var Part = function Part(combinator){","    this.combinator = combinator || \" \"","    this.tag = \"*\"","}","","Part.prototype.toString = function(){","","    if (!this.raw){","","        var xpr = \"\", k, part","","        xpr += this.tag || \"*\"","        if (this.id) xpr += \"#\" + this.id","        if (this.classes) xpr += \".\" + this.classList.join(\".\")","        if (this.attributes) for (k = 0; part = this.attributes[k++];){","            xpr += \"[\" + part.name + (part.operator ? part.operator + '\"' + part.value + '\"' : '') + \"]\"","        }","        if (this.pseudos) for (k = 0; part = this.pseudos[k++];){","            xpr += \":\" + part.name","            if (part.value) xpr += \"(\" + part.value + \")\"","        }","","        this.raw = xpr","","    }","","    return this.raw","}","","// Expression","","var Expression = function Expression(){","    this.length = 0","}","","Expression.prototype.toString = function(){","","    if (!this.raw){","","        var xpr = \"\"","","        for (var j = 0, bit; bit = this[j++];){","            if (j !== 1) xpr += \" \"","            if (bit.combinator !== \" \") xpr += bit.combinator + \" \"","            xpr += bit","        }","","        this.raw = xpr","","    }","","    return this.raw","}","","var replacer = function(","    rawMatch,","","    separator,","    combinator,","    combinatorChildren,","","    tagName,","    id,","    className,","","    attributeKey,","    attributeOperator,","    attributeQuote,","    attributeValue,","","    pseudoMarker,","    pseudoClass,","    pseudoQuote,","    pseudoClassQuotedValue,","    pseudoClassValue","){","","    var expression, current","","    if (separator || !this.length){","        expression = this[this.length++] = new Expression","        if (separator) return ''","    }","","    if (!expression) expression = this[this.length - 1]","","    if (combinator || combinatorChildren || !expression.length){","        current = expression[expression.length++] = new Part(combinator)","    }","","    if (!current) current = expression[expression.length - 1]","","    if (tagName){","","        current.tag = unescape(tagName)","","    } else if (id){","","        current.id = unescape(id)","","    } else if (className){","","        var unescaped = unescape(className)","","        var classes = current.classes || (current.classes = {})","        if (!classes[unescaped]){","            classes[unescaped] = escape(className)","            var classList = current.classList || (current.classList = [])","            classList.push(unescaped)","            classList.sort()","        }","","    } else if (pseudoClass){","","        pseudoClassValue = pseudoClassValue || pseudoClassQuotedValue","","        ;(current.pseudos || (current.pseudos = [])).push({","            type         : pseudoMarker.length == 1 ? 'class' : 'element',","            name         : unescape(pseudoClass),","            escapedName  : escape(pseudoClass),","            value        : pseudoClassValue ? unescape(pseudoClassValue) : null,","            escapedValue : pseudoClassValue ? escape(pseudoClassValue) : null","        })","","    } else if (attributeKey){","","        attributeValue = attributeValue ? escape(attributeValue) : null","","        ;(current.attributes || (current.attributes = [])).push({","            operator     : attributeOperator,","            name         : unescape(attributeKey),","            escapedName  : escape(attributeKey),","            value        : attributeValue ? unescape(attributeValue) : null,","            escapedValue : attributeValue ? escape(attributeValue) : null","        })","","    }","","    return ''","","}","","// Expressions","","var Expressions = function Expressions(expression){","    this.length = 0","","    var self = this","","    var original = expression, replaced","","    while (expression){","        replaced = expression.replace(slickRe, function(){","            return replacer.apply(self, arguments)","        })","        if (replaced === expression) throw new Error(original + ' is an invalid expression')","        expression = replaced","    }","}","","Expressions.prototype.toString = function(){","    if (!this.raw){","        var expressions = []","        for (var i = 0, expression; expression = this[i++];) expressions.push(expression)","        this.raw = expressions.join(\", \")","    }","","    return this.raw","}","","var cache = {}","","var parse = function(expression){","    if (expression == null) return null","    expression = ('' + expression).replace(/^\\s+|\\s+$/g, '')","    return cache[expression] || (cache[expression] = new Expressions(expression))","}","","module.exports = parse",""],"l":{"22":1,"25":1,"28":1,"31":1,"32":0,"35":1,"72":1,"73":0,"74":0,"77":1,"79":0,"81":0,"83":0,"84":0,"85":0,"86":0,"87":0,"89":0,"90":0,"91":0,"94":0,"98":0,"103":1,"104":0,"107":1,"109":0,"111":0,"113":0,"114":0,"115":0,"116":0,"119":0,"123":0,"126":1,"149":0,"151":0,"152":0,"153":0,"156":0,"158":0,"159":0,"162":0,"164":0,"166":0,"168":0,"170":0,"172":0,"174":0,"176":0,"177":0,"178":0,"179":0,"180":0,"181":0,"184":0,"186":0,"188":0,"196":0,"198":0,"200":0,"210":0,"216":1,"217":0,"219":0,"221":0,"223":0,"224":0,"225":0,"227":0,"228":0,"232":1,"233":0,"234":0,"235":0,"236":0,"239":0,"242":1,"244":1,"245":0,"246":0,"247":0,"250":1}},"/home/travis/build/npmtest/node-npmtest-slick/node_modules/slick/finder.js":{"path":"/home/travis/build/npmtest/node-npmtest-slick/node_modules/slick/finder.js","s":{"1":2,"2":2,"3":0,"4":0,"5":0,"6":0,"7":0,"8":0,"9":0,"10":0,"11":0,"12":0,"13":0,"14":0,"15":0,"16":0,"17":0,"18":0,"19":0,"20":0,"21":0,"22":0,"23":0,"24":0,"25":0,"26":0,"27":0,"28":0,"29":0,"30":0,"31":0,"32":0,"33":0,"34":0,"35":0,"36":0,"37":0,"38":0,"39":0,"40":0,"41":0,"42":0,"43":0,"44":0,"45":0,"46":0,"47":0,"48":0,"49":0,"50":0,"51":0,"52":0,"53":0,"54":0,"55":0,"56":0,"57":0,"58":0,"59":0,"60":0,"61":0,"62":0,"63":0,"64":0,"65":0,"66":0,"67":0,"68":0,"69":0,"70":0,"71":0,"72":0,"73":0,"74":0,"75":0,"76":0,"77":0,"78":0,"79":0,"80":0,"81":0,"82":0,"83":0,"84":0,"85":0,"86":0,"87":0,"88":0,"89":0,"90":0,"91":0,"92":0,"93":0,"94":0,"95":0,"96":0,"97":0,"98":0,"99":0,"100":0,"101":0,"102":0,"103":0,"104":0,"105":0,"106":0,"107":0,"108":0,"109":0,"110":0,"111":0,"112":0,"113":0,"114":0,"115":0,"116":0,"117":0,"118":0,"119":0,"120":0,"121":0,"122":0,"123":0,"124":0,"125":0,"126":0,"127":0,"128":0,"129":0,"130":0,"131":0,"132":0,"133":0,"134":0,"135":0,"136":0,"137":0,"138":0,"139":0,"140":0,"141":0,"142":0,"143":0,"144":0,"145":0,"146":0,"147":0,"148":0,"149":0,"150":0,"151":0,"152":0,"153":0,"154":0,"155":0,"156":0,"157":0,"158":0,"159":0,"160":0,"161":0,"162":0,"163":0,"164":0,"165":0,"166":0,"167":0,"168":0,"169":0,"170":0,"171":0,"172":0,"173":0,"174":0,"175":0,"176":0,"177":0,"178":0,"179":0,"180":0,"181":0,"182":0,"183":0,"184":0,"185":0,"186":0,"187":0,"188":0,"189":0,"190":0,"191":0,"192":0,"193":0,"194":0,"195":0,"196":0,"197":0,"198":0,"199":0,"200":0,"201":0,"202":0,"203":0,"204":0,"205":0,"206":0,"207":0,"208":0,"209":0,"210":0,"211":0,"212":0,"213":0,"214":0,"215":0,"216":0,"217":0,"218":0,"219":0,"220":0,"221":0,"222":0,"223":0,"224":0,"225":0,"226":0,"227":0,"228":0,"229":0,"230":0,"231":0,"232":0,"233":0,"234":0,"235":0,"236":0,"237":0,"238":0,"239":0,"240":0,"241":0,"242":0,"243":0,"244":0,"245":0,"246":0,"247":0,"248":0,"249":0,"250":0,"251":0,"252":0,"253":0,"254":0,"255":0,"256":0,"257":0,"258":0,"259":0,"260":0,"261":0,"262":0,"263":0,"264":0,"265":0,"266":0,"267":0,"268":0,"269":0,"270":0,"271":0,"272":0,"273":0,"274":0,"275":0,"276":0,"277":0,"278":0,"279":0,"280":0,"281":0,"282":0,"283":0,"284":0,"285":0,"286":0,"287":0,"288":0,"289":0,"290":0,"291":0,"292":0,"293":0,"294":0,"295":0,"296":0,"297":0,"298":0,"299":0,"300":0,"301":0,"302":0,"303":0,"304":0,"305":0,"306":0,"307":0,"308":0,"309":0,"310":0,"311":0,"312":0,"313":0,"314":0,"315":0,"316":0,"317":0,"318":0,"319":0,"320":0,"321":0,"322":0,"323":0,"324":0,"325":0,"326":0,"327":0,"328":0,"329":0,"330":0,"331":0,"332":0,"333":0,"334":0,"335":0,"336":0,"337":0,"338":0,"339":0,"340":0,"341":0,"342":0,"343":0,"344":0,"345":0,"346":0,"347":0,"348":0,"349":0,"350":0,"351":0,"352":0,"353":0,"354":0,"355":0,"356":0,"357":0,"358":0,"359":0,"360":0,"361":0,"362":0,"363":0,"364":0,"365":0,"366":0,"367":0,"368":0,"369":0,"370":0,"371":0,"372":0,"373":0,"374":0,"375":0,"376":0,"377":0,"378":0,"379":0,"380":0,"381":0,"382":0,"383":0,"384":0,"385":0,"386":0,"387":0,"388":0,"389":0,"390":0,"391":0,"392":0,"393":0,"394":0,"395":0,"396":0,"397":0,"398":0,"399":0,"400":0,"401":0,"402":0,"403":0,"404":0,"405":0,"406":0,"407":0,"408":0,"409":0,"410":0,"411":0,"412":0,"413":0,"414":0,"415":0,"416":0,"417":0,"418":0,"419":0,"420":0,"421":0,"422":0,"423":0},"b":{"1":[0,0],"2":[0,0],"3":[0,0],"4":[0,0],"5":[0,0],"6":[0,0],"7":[0,0],"8":[0,0],"9":[0,0,0],"10":[0,0],"11":[0,0],"12":[0,0],"13":[0,0],"14":[0,0],"15":[0,0],"16":[0,0],"17":[0,0],"18":[0,0],"19":[0,0],"20":[0,0],"21":[0,0],"22":[0,0],"23":[0,0],"24":[0,0],"25":[0,0],"26":[0,0],"27":[0,0],"28":[0,0],"29":[0,0],"30":[0,0],"31":[0,0],"32":[0,0],"33":[0,0],"34":[0,0],"35":[0,0],"36":[0,0],"37":[0,0],"38":[0,0],"39":[0,0],"40":[0,0],"41":[0,0],"42":[0,0],"43":[0,0],"44":[0,0],"45":[0,0],"46":[0,0],"47":[0,0],"48":[0,0],"49":[0,0],"50":[0,0],"51":[0,0],"52":[0,0],"53":[0,0],"54":[0,0],"55":[0,0],"56":[0,0],"57":[0,0,0],"58":[0,0],"59":[0,0],"60":[0,0],"61":[0,0],"62":[0,0],"63":[0,0,0],"64":[0,0],"65":[0,0],"66":[0,0],"67":[0,0],"68":[0,0],"69":[0,0,0,0,0,0],"70":[0,0],"71":[0,0],"72":[0,0],"73":[0,0],"74":[0,0],"75":[0,0],"76":[0,0],"77":[0,0],"78":[0,0],"79":[0,0],"80":[0,0],"81":[0,0],"82":[0,0],"83":[0,0],"84":[0,0],"85":[0,0],"86":[0,0],"87":[0,0],"88":[0,0],"89":[0,0],"90":[0,0],"91":[0,0],"92":[0,0],"93":[0,0],"94":[0,0],"95":[0,0],"96":[0,0],"97":[0,0],"98":[0,0],"99":[0,0],"100":[0,0],"101":[0,0],"102":[0,0],"103":[0,0],"104":[0,0],"105":[0,0],"106":[
[...]
"    if (this.has(\"QUERY_SELECTOR\")){","","        this.querySelectorAll = function(node, expression){","","            if (this.failed[expression]) return true","","            var result, _id, _expression, _combinator, _node","","","            // non-document rooted QSA","            // credits to Andrew Dupont","","            if (node !== this.document){","","                _combinator = expression[0].combinator","","                _id         = node.getAttribute(\"id\")","                _expression = expression","","                if (!_id){","                    _node = node","                    _id = \"__slick__\"","                    _node.setAttribute(\"id\", _id)","                }","","                expression = \"#\" + _id + \" \" + _expression","","","                // these combinators need a parentNode due to how querySelectorAll works, which is:","                // finding all the elements that match the given selector","                // then filtering by the ones that have the specified element as an ancestor","                if (_combinator.indexOf(\"~\") > -1 || _combinator.indexOf(\"+\") > -1){","","                    node = node.parentNode","                    if (!node) result = true","                    // if node has no parentNode, we return \"true\" as if it failed, without polluting the failed cache","","                }","","            }","","            if (!result) try {","                result = node.querySelectorAll(expression.toString())","            } catch(e){","                if (slick.debug) console.warn(\"querySelectorAll failed on \" + (_expression || expression))","                result = this.failed[_expression || expression] = true","            }","","            if (_node) _node.removeAttribute(\"id\")","","            return result","","        }","","    }","","}","","Finder.prototype.has = function(FEATURE){","","    var tested        = this.tested,","        testedFEATURE = tested[FEATURE]","","    if (testedFEATURE != null) return testedFEATURE","","    var root     = this.root,","        document = this.document,","        testNode = document.createElement(\"div\")","","    testNode.setAttribute(\"style\", \"display: none;\")","","    root.appendChild(testNode)","","    var TEST = HAS[FEATURE], result = false","","    if (TEST) try {","        result = TEST.call(document, testNode)","    } catch(e){}","","    if (slick.debug && !result) console.warn(\"document has no \" + FEATURE)","","    root.removeChild(testNode)","","    return tested[FEATURE] = result","","}","","var combinators = {","","    \" \": function(node, part, push){","","        var item, items","","        var noId = !part.id, noTag = !part.tag, noClass = !part.classes","","        if (part.id && node.getElementById && this.has(\"GET_ELEMENT_BY_ID\")){","            item = node.getElementById(part.id)","","            // return only if id is found, else keep checking","            // might be a tad slower on non-existing ids, but less insane","","            if (item && item.getAttribute('id') === part.id){","                items = [item]","                noId = true","                // if tag is star, no need to check it in match()","                if (part.tag === \"*\") noTag = true","            }","        }","","        if (!items){","","            if (part.classes && node.getElementsByClassName && this.has(\"GET_ELEMENTS_BY_CLASS_NAME\")){","                items = node.getElementsByClassName(part.classList)","                noClass = true","                // if tag is star, no need to check it in match()","                if (part.tag === \"*\") noTag = true","            } else {","                items = node.getElementsByTagName(part.tag)","                // if tag is star, need to check it in match because it could select junk, boho","                if (part.tag !== \"*\") noTag = true","            }","","            if (!items || !items.length) return false","","        }","","        for (var i = 0; item = items[i++];)","            if ((noTag && noId && noClass && !part.attributes && !part.pseudos) || this.match(item, part, noTag, noId, noClass))","                push(item)","","        return true","","    },","","    \">\": function(node, part, push){ // direct children","        if ((node = node.firstChild)) do {","            if (node.nodeType == 1 && this.match(node, part)) push(node)","        } while ((node = node.nextSibling))","    },","","    \"+\": function(node, part, push){ // next sibling","        while ((node = node.nextSibling)) if (node.nodeType == 1){","            if (this.match(node, part)) push(node)","            break","        }","    },","","    \"^\": function(node, part, push){ // first child","        node = node.firstChild","        if (node){","            if (node.nodeType === 1){","                if (this.match(node, part)) push(node)","            } else {","                combinators['+'].call(this, node, part, push)","            }","        }","    },","","    \"~\": function(node, part, push){ // next siblings","        while ((node = node.nextSibling)){","            if (node.nodeType === 1 && this.match(node, part)) push(node)","        }","    },","","    \"++\": function(node, part, push){ // next sibling and previous sibling","        combinators['+'].call(this, node, part, push)","        combinators['!+'].call(this, node, part, push)","    },","","    \"~~\": function(node, part, push){ // next siblings and previous siblings","        combinators['~'].call(this, node, part, push)","        combinators['!~'].call(this, node, part, push)","    },","","    \"!\": function(node, part, push){ // all parent nodes up to document","        while ((node = node.parentNode)) if (node !== this.document && this.match(node, part)) push(node)","    },","","    \"!>\": function(node, part, push){ // direct parent (one level)","        node = node.parentNode","        if (node !== this.document && this.match(node, part)) push(node)","    },","","    \"!+\": function(node, part, push){ // previous sibling","        while ((node = node.previousSibling)) if (node.nodeType == 1){","            if (this.match(node, part)) push(node)","            break","        }","    },","","    \"!^\": function(node, part, push){ // last child","        node = node.lastChild","        if (node){","            if (node.nodeType == 1){","                if (this.match(node, part)) push(node)","            } else {","                combinators['!+'].call(this, node, part, push)","            }","        }","    },","","    \"!~\": function(node, part, push){ // previous siblings","        while ((node = node.previousSibling)){","            if (node.nodeType === 1 && this.match(node, part)) push(node)","        }","    }","","}","","Finder.prototype.search = function(context, expression, found){","","    if (!context) context = this.document","    else if (!context.nodeType && context.document) context = context.document","","    var expressions = parse(expression)","","    // no expressions were parsed. todo: is this really necessary?","    if (!expressions || !expressions.length) throw new Error(\"invalid expression\")","","    if (!found) found = []","","    var uniques, push = isArray(found) ? function(node){","        found[found.length] = node","    } : function(node){","        found[found.length++] = node","    }","","    // if there is more than one expression we need to check for duplicates when we push to found","    // this simply saves the old push and wraps it around an uid dupe check.","    if (expressions.length > 1){","        uniques = {}","        var plush = push","        push = function(node){","            var uid = uniqueID(node)","            if (!uniques[uid]){","                uniques[uid] = true","                plush(node)","            }","        }","    }","","    // walker","","    var node, nodes, part","","    main: for (var i = 0; expression = expressions[i++];){","","        // querySelector","","        // TODO: more functional tests","","        // if there is querySelectorAll (and the expression does not fail) use it.","        if (!slick.noQSA && this.querySelectorAll){","","            nodes = this.querySelectorAll(context, expression)","            if (nodes !== true){","                if (nodes && nodes.length) for (var j = 0; node = nodes[j++];) if (node.nodeName > '@'){","                    push(node)","                }","                continue main","            }","        }","","        // if there is only one part in the expression we don't need to check each part for duplicates.","        // todo: this might be too naive. while solid, there can be expression sequences that do not","        // produce duplicates. \"body div\" for instance, can never give you each div more than once.","        // \"body div a\" on the other hand might.","        if (expression.length === 1){","","            part = expression[0]","            combinators[part.combinator].call(this, context, part, push)","","        } else {","","            var cs = [context], c, f, u, p = function(node){","                var uid = uniqueID(node)","                if (!u[uid]){","                    u[uid] = true","                    f[f.length] = node","                }","            }","","            // loop the expression parts","            for (var j = 0; part = expression[j++];){","                f = []; u = {}","                // loop the contexts","                for (var k = 0; c = cs[k++];) combinators[part.combinator].call(this, c, part, p)","                // nothing was found, the expression failed, continue to the next expression.","                if (!f.length) continue main","                cs = f // set the contexts for future parts (if any)","            }","","            if (i === 0) found = f // first expression. directly set found.","            else for (var l = 0; l < f.length; l++) push(f[l]) // any other expression needs to push to found.","        }","","    }","","    if (uniques && found && found.length > 1) this.sort(found)","","    return found","","}","","Finder.prototype.sort = function(nodes){","    return this.sorter ? Array.prototype.sort.call(nodes, this.sorter) : nodes","}","","// TODO: most of these pseudo selectors include <html> and qsa doesnt. fixme.","","var pseudos = {","","","    // TODO: returns different results than qsa empty.","","    'empty': function(){","        return !(this && this.nodeType === 1) && !(this.innerText || this.textContent || '').length","    },","","    'not': function(expression){","        return !slick.matches(this, expression)","    },","","    'contains': function(text){","        return (this.innerText || this.textContent || '').indexOf(text) > -1","    },","","    'first-child': function(){","        var node = this","        while ((node = node.previousSibling)) if (node.nodeType == 1) return false","        return true","    },","","    'last-child': function(){","        var node = this","        while ((node = node.nextSibling)) if (node.nodeType == 1) return false","        return true","    },","","    'only-child': function(){","        var prev = this","        while ((prev = prev.previousSibling)) if (prev.nodeType == 1) return false","","        var next = this","        while ((next = next.nextSibling)) if (next.nodeType == 1) return false","","        return true","    },","","    'first-of-type': function(){","        var node = this, nodeName = node.nodeName","        while ((node = node.previousSibling)) if (node.nodeName == nodeName) return false","        return true","    },","","    'last-of-type': function(){","        var node = this, nodeName = node.nodeName","        while ((node = node.nextSibling)) if (node.nodeName == nodeName) return false","        return true","    },","","    'only-of-type': function(){","        var prev = this, nodeName = this.nodeName","        while ((prev = prev.previousSibling)) if (prev.nodeName == nodeName) return false","        var next = this","        while ((next = next.nextSibling)) if (next.nodeName == nodeName) return false","        return true","    },","","    'enabled': function(){","        return !this.disabled","    },","","    'disabled': function(){","        return this.disabled","    },","","    'checked': function(){","        return this.checked || this.selected","    },","","    'selected': function(){","        return this.selected","    },","","    'focus': function(){","        var doc = this.ownerDocument","        return doc.activeElement === this && (this.href || this.type || slick.hasAttribute(this, 'tabindex'))","    },","","    'root': function(){","        return (this === this.ownerDocument.documentElement)","    }","","}","","Finder.prototype.match = function(node, bit, noTag, noId, noClass){","","    // TODO: more functional tests ?","","    if (!slick.noQSA && this.matchesSelector){","        var matches = this.matchesSelector(node, bit)","        if (matches !== null) return matches","    }","","    // normal matching","","    if (!noTag && bit.tag){","","        var nodeName = node.nodeName.toLowerCase()","        if (bit.tag === \"*\"){","            if (nodeName < \"@\") return false","        } else if (nodeName != bit.tag){","            return false","        }","","    }","","    if (!noId && bit.id && node.getAttribute('id') !== bit.id) return false","","    var i, part","","    if (!noClass && bit.classes){","","        var className = this.getAttribute(node, \"class\")","        if (!className) return false","","        for (part in bit.classes) if (!RegExp('(^|\\\\s)' + bit.classes[part] + '(\\\\s|$)').test(className)) return false","    }","","    var name, value","","    if (bit.attributes) for (i = 0; part = bit.attributes[i++];){","","        var operator  = part.operator,","            escaped   = part.escapedValue","","        name  = part.name","        value = part.value","","        if (!operator){","","            if (!this.hasAttribute(node, name)) return false","","        } else {","","            var actual = this.getAttribute(node, name)","            if (actual == null) return false","","            switch (operator){","                case '^=' : if (!RegExp(      '^' + escaped            ).test(actual)) return false; break","                case '$=' : if (!RegExp(            escaped + '$'      ).test(actual)) return false; break","                case '~=' : if (!RegExp('(^|\\\\s)' + escaped + '(\\\\s|$)').test(actual)) return false; break","                case '|=' : if (!RegExp(      '^' + escaped + '(-|$)'  ).test(actual)) return false; break","","                case '='  : if (actual !== value) return false; break","                case '*=' : if (actual.indexOf(value) === -1) return false; break","                default   : return false","            }","","        }","    }","","    if (bit.pseudos) for (i = 0; part = bit.pseudos[i++];){","","        name  = part.name","        value = part.value","","        if (pseudos[name]) return pseudos[name].call(node, value)","","        if (value != null){","            if (this.getAttribute(node, name) !== value) return false","        } else {","            if (!this.hasAttribute(node, name)) return false","        }","","    }","","    return true","","}","","Finder.prototype.matches = function(node, expression){","","    var expressions = parse(expression)","","    if (expressions.length === 1 && expressions[0].length === 1){ // simplest match","        return this.match(node, expressions[0][0])","    }","","    // TODO: more functional tests ?","","    if (!slick.noQSA && this.matchesSelector){","        var matches = this.matchesSelector(node, expressions)","        if (matches !== null) return matches","    }","","    var nodes = this.search(this.document, expression, {length: 0})","","    for (var i = 0, res; res = nodes[i++];) if (node === res) return true","    return false","","}","","var finders = {}","","var finder = function(context){","    var doc = context || document","    if (doc.ownerDocument) doc = doc.ownerDocument","    else if (doc.document) doc = doc.document","","    if (doc.nodeType !== 9) throw new TypeError(\"invalid document\")","","    var uid = uniqueID(doc)","    return finders[uid] || (finders[uid] = new Finder(doc))","}","","// ... API ...","","var slick = function(expression, context){","    return slick.search(expression, context)","}","","slick.search = function(expression, context, found){","    return finder(context).search(context, expression, found)","}","","slick.find = function(expression, context){","    return finder(context).search(context, expression)[0] || null","}","","slick.getAttribute = function(node, name){","    return finder(node).getAttribute(node, name)","}","","slick.hasAttribute = function(node, name){","    return finder(node).hasAttribute(node, name)","}","","slick.contains = function(context, node){","    return finder(context).contains(context, node)","}","","slick.matches = function(node, expression){","    return finder(node).matches(node, expression)","}","","slick.sort = function(nodes){","    if (nodes && nodes.length > 1) finder(nodes[0]).sort(nodes)","    return nodes","}","","slick.parse = parse;","","// slick.debug = true","// slick.noQSA  = true","","module.exports = slick",""],"l":{"14":2,"18":2,"22":0,"23":0,"24":0,"25":0,"27":0,"28":0,"29":0,"30":0,"31":0,"33":0,"35":0,"39":0,"40":0,"43":0,"44":0,"49":0,"51":0,"54":0,"56":0,"57":0,"62":0,"65":0,"67":0,"71":0,"73":0,"74":0,"97":0,"101":0,"104":0,"105":0,"108":0,"111":0,"115":0,"116":0,"118":0,"119":0,"122":0,"123":0,"126":0,"163":0,"164":0,"165":0,"172":0,"174":0,"175":0,"176":0,"180":0,"184":0,"186":0,"190":0,"191":0,"197":0,"199":0,"203":0,"204":0,"210":0,"212":0,"216":0,"220":0,"221":0,"224":0,"230":0,"232":0,"233":0,"237":0,"238":0,"242":0,"243":0,"246":0,"247":0,"248":0,"249":0,"250":0,"254":0,"256":0,"258":0,"260":0,"262":0,"263":0,"265":0,"266":0,"267":0,"272":0,"274":0,"276":0,"278":0,"284":0,"286":0,"288":0,"289":0,"291":0,"292":0,"293":0,"294":0,"297":0,"303":0,"305":0,"306":0,"313":0,"314":0,"316":0,"317":0,"320":0,"322":0,"330":0,"332":0,"335":0,"337":0,"341":0,"343":0,"345":0,"347":0,"348":0,"351":0,"353":0,"355":0,"359":0,"363":0,"365":0,"367":0,"368":0,"373":0,"374":0,"375":0,"377":0,"381":0,"383":0,"384":0,"385":0,"387":0,"389":0,"391":0,"394":0,"398":0,"399":0,"400":0,"402":0,"407":0,"408":0,"413":0,"414":0,"415":0,"420":0,"421":0,"422":0,"423":0,"425":0,"431":0,"432":0,"437":0,"438":0,"442":0,"443":0,"447":0,"451":0,"452":0,"456":0,"457":0,"458":0,"463":0,"464":0,"465":0,"466":0,"468":0,"474":0,"475":0,"481":0,"483":0,"484":0,"486":0,"489":0,"491":0,"493":0,"494":0,"496":0,"501":0,"502":0,"503":0,"504":0,"505":0,"506":0,"507":0,"508":0,"515":0,"517":0,"524":0,"526":0,"527":0,"528":0,"529":0,"531":0,"539":0,"541":0,"542":0,"546":0,"547":0,"548":0,"549":0,"550":0,"555":0,"556":0,"558":0,"560":0,"561":0,"564":0,"565":0,"570":0,"572":0,"576":0,"577":0,"582":0,"588":0,"592":0,"596":0,"600":0,"601":0,"602":0,"606":0,"607":0,"608":0,"612":0,"613":0,"615":0,"616":0,"618":0,"622":0,"623":0,"624":0,"628":0,"629":0,"630":0,"634":0,"635":0,"636":0,"637":0,"638":0,"642":0,"646":0,"650":0,"654":0,"658":0,"659":0,"663":0,"668":0,"672":0,"673":0,"674":0,"679":0,"681":0,"682":0,"683":0,"684":0,"685":0,"690":0,"692":0,"694":0,"696":0,"697":0,"699":0,"702":0,"704":0,"706":0,"709":0,"710":0,"712":0,"714":0,"718":0,"719":0,"721":0,"722":0,"723":0,"724":0,"725":0,"727":0,"728":0,"729":0,"735":0,"737":0,"738":0,"740":0,"742":0,"743":0,"745":0,"750":0,"754":0,"756":0,"758":0,"759":0,"764":0,"765":0,"766":0,"769":0,"771":0,"772":0,"776":0,"778":0,"779":0,"780":0,"781":0,"783":0,"785":0,"786":0,"791":0,"792":0,"795":0,"796":0,"799":0,"800":0,"803":0,"804":0,"807":0,"808":0,"811":0,"812":0,"815":0,"816":0,"819":0,"820":0,"821":0,"824":0,"829":0}}}